This is XeTeX, Version 3.141592653-2.6-0.999993 (TeX Live 2021) (preloaded format=xelatex 2021.12.7)  9 DEC 2021 14:22
entering extended mode
 restricted \write18 enabled.
 %&-line parsing enabled.
**CausalInference.tex
(./CausalInference.tex
LaTeX2e <2021-11-15> patch level 1
L3 programming layer <2021-11-22> (/Users/AIN8/Library/TinyTeX/texmf-dist/tex/latex/tufte-latex/tufte-handout.cls
Document Class: tufte-handout 2015/06/21 v3.5.2 Tufte-handout class
(/Users/AIN8/Library/TinyTeX/texmf-dist/tex/latex/tufte-latex/tufte-common.def
File: tufte-common.def 2015/06/21 v3.5.2 Common code for the Tufte-LaTeX styles
(/Users/AIN8/Library/TinyTeX/texmf-dist/tex/latex/xkeyval/xkeyval.sty
Package: xkeyval 2020/11/20 v2.8 package option processing (HA)
(/Users/AIN8/Library/TinyTeX/texmf-dist/tex/generic/xkeyval/xkeyval.tex (/Users/AIN8/Library/TinyTeX/texmf-dist/tex/generic/xkeyval/xkvutils.tex
\XKV@toks=\toks16
\XKV@tempa@toks=\toks17
(/Users/AIN8/Library/TinyTeX/texmf-dist/tex/generic/xkeyval/keyval.tex))
\XKV@depth=\count179
File: xkeyval.tex 2014/12/03 v2.7a key=value parser (HA)
)) (/Users/AIN8/Library/TinyTeX/texmf-dist/tex/latex/xifthen/xifthen.sty
Package: xifthen 2015/11/05 v1.4.0 Extended ifthen features
(/Users/AIN8/Library/TinyTeX/texmf-dist/tex/latex/tools/calc.sty
Package: calc 2017/05/25 v4.3 Infix arithmetic (KKT,FJ)
\calc@Acount=\count180
\calc@Bcount=\count181
\calc@Adimen=\dimen138
\calc@Bdimen=\dimen139
\calc@Askip=\skip47
\calc@Bskip=\skip48
LaTeX Info: Redefining \setlength on input line 80.
LaTeX Info: Redefining \addtolength on input line 81.
\calc@Ccount=\count182
\calc@Cskip=\skip49
) (/Users/AIN8/Library/TinyTeX/texmf-dist/tex/latex/base/ifthen.sty
Package: ifthen 2020/11/24 v1.1c Standard LaTeX ifthen package (DPC)
) (/Users/AIN8/Library/TinyTeX/texmf-dist/tex/latex/ifmtarg/ifmtarg.sty
Package: ifmtarg 2018/04/16 v1.2b check for an empty argument
)) (/Users/AIN8/Library/TinyTeX/texmf-dist/tex/latex/hardwrap/hardwrap.sty
Package: hardwrap 2011/02/12 v0.2 Hard wrap messages
(/Users/AIN8/Library/TinyTeX/texmf-dist/tex/generic/pdftexcmds/pdftexcmds.sty
Package: pdftexcmds 2020-06-27 v0.33 Utility functions of pdfTeX for LuaTeX (HO)
(/Users/AIN8/Library/TinyTeX/texmf-dist/tex/generic/infwarerr/infwarerr.sty
Package: infwarerr 2019/12/03 v1.5 Providing info/warning/error messages (HO)
) (/Users/AIN8/Library/TinyTeX/texmf-dist/tex/generic/iftex/iftex.sty
Package: iftex 2020/03/06 v1.0d TeX engine tests
) (/Users/AIN8/Library/TinyTeX/texmf-dist/tex/generic/ltxcmds/ltxcmds.sty
Package: ltxcmds 2020-05-10 v1.25 LaTeX kernel commands for general use (HO)
)
Package pdftexcmds Info: \pdf@primitive is available.
Package pdftexcmds Info: \pdf@ifprimitive is available.
Package pdftexcmds Info: \pdfdraftmode not found.
) (/Users/AIN8/Library/TinyTeX/texmf-dist/tex/generic/iftex/ifxetex.sty
Package: ifxetex 2019/10/25 v0.7 ifxetex legacy package. Use iftex instead.
)
\hw@charcount=\count183
\hw@wordcount=\count184
\hw@maxprintline=\count185
)
Class tufte-handout Info: Loading the base class `article'
(/Users/AIN8/Library/TinyTeX/texmf-dist/tex/latex/base/article.cls
Document Class: article 2021/10/04 v1.4n Standard LaTeX document class
(/Users/AIN8/Library/TinyTeX/texmf-dist/tex/latex/base/size10.clo
File: size10.clo 2021/10/04 v1.4n Standard LaTeX file (size option)
)
\c@part=\count186
\c@section=\count187
\c@subsection=\count188
\c@subsubsection=\count189
\c@paragraph=\count190
\c@subparagraph=\count191
\c@figure=\count192
\c@table=\count193
\abovecaptionskip=\skip50
\belowcaptionskip=\skip51
\bibindent=\dimen140
) (/Users/AIN8/Library/TinyTeX/texmf-dist/tex/generic/iftex/ifpdf.sty
Package: ifpdf 2019/10/25 v3.4 ifpdf legacy package. Use iftex instead.
) (/Users/AIN8/Library/TinyTeX/texmf-dist/tex/xelatex/xltxtra/xltxtra.sty
Package: xltxtra 2018/12/31 v0.7 Improvements for the "XeLaTeX" format
(/Users/AIN8/Library/TinyTeX/texmf-dist/tex/generic/iftex/ifluatex.sty
Package: ifluatex 2019/10/25 v1.5 ifluatex legacy package. Use iftex instead.
) (/Users/AIN8/Library/TinyTeX/texmf-dist/tex/latex/fontspec/fontspec.sty (/Users/AIN8/Library/TinyTeX/texmf-dist/tex/latex/l3packages/xparse/xparse.sty (/Users/AIN8/Library/TinyTeX/texmf-dist/tex/latex/l3kernel/expl3.sty
Package: expl3 2021-11-22 L3 programming layer (loader) 
(/Users/AIN8/Library/TinyTeX/texmf-dist/tex/latex/l3backend/l3backend-xetex.def
File: l3backend-xetex.def 2021-10-18 L3 backend support: XeTeX
(|extractbb --version)
\c__kernel_sys_dvipdfmx_version_int=\count194
\l__color_backend_stack_int=\count195
\g__color_backend_stack_int=\count196
\g__graphics_track_int=\count197
\l__pdf_internal_box=\box50
\g__pdf_backend_object_int=\count198
\g__pdf_backend_annotation_int=\count199
\g__pdf_backend_link_int=\count266
))
Package: xparse 2021-11-12 L3 Experimental document command parser
)
Package: fontspec 2020/02/21 v2.7i Font selection for XeLaTeX and LuaLaTeX
(/Users/AIN8/Library/TinyTeX/texmf-dist/tex/latex/fontspec/fontspec-xetex.sty
Package: fontspec-xetex 2020/02/21 v2.7i Font selection for XeLaTeX and LuaLaTeX
\l__fontspec_script_int=\count267
\l__fontspec_language_int=\count268
\l__fontspec_strnum_int=\count269
\l__fontspec_tmp_int=\count270
\l__fontspec_tmpa_int=\count271
\l__fontspec_tmpb_int=\count272
\l__fontspec_tmpc_int=\count273
\l__fontspec_em_int=\count274
\l__fontspec_emdef_int=\count275
\l__fontspec_strong_int=\count276
\l__fontspec_strongdef_int=\count277
\l__fontspec_tmpa_dim=\dimen141
\l__fontspec_tmpb_dim=\dimen142
\l__fontspec_tmpc_dim=\dimen143
(/Users/AIN8/Library/TinyTeX/texmf-dist/tex/latex/base/fontenc.sty
Package: fontenc 2021/04/29 v2.0v Standard LaTeX package
) (/Users/AIN8/Library/TinyTeX/texmf-dist/tex/latex/fontspec/fontspec.cfg))) (/Users/AIN8/Library/TinyTeX/texmf-dist/tex/latex/realscripts/realscripts.sty
Package: realscripts 2016/02/13 v0.3d Access OpenType subscripts and superscripts
\subsupersep=\dimen144
) (/Users/AIN8/Library/TinyTeX/texmf-dist/tex/latex/metalogo/metalogo.sty
Package: metalogo 2010/05/29 v0.12 Extended TeX logo macros
(/Users/AIN8/Library/TinyTeX/texmf-dist/tex/latex/graphics/graphicx.sty
Package: graphicx 2021/09/16 v1.2d Enhanced LaTeX Graphics (DPC,SPQR)
(/Users/AIN8/Library/TinyTeX/texmf-dist/tex/latex/graphics/graphics.sty
Package: graphics 2021/03/04 v1.4d Standard LaTeX Graphics (DPC,SPQR)
(/Users/AIN8/Library/TinyTeX/texmf-dist/tex/latex/graphics/trig.sty
Package: trig 2021/08/11 v1.11 sin cos tan (DPC)
) (/Users/AIN8/Library/TinyTeX/texmf-dist/tex/latex/graphics-cfg/graphics.cfg
File: graphics.cfg 2016/06/04 v1.11 sample graphics configuration
)
Package graphics Info: Driver file: xetex.def on input line 107.
(/Users/AIN8/Library/TinyTeX/texmf-dist/tex/latex/graphics-def/xetex.def
File: xetex.def 2021/03/18 v5.0k Graphics/color driver for xetex
))
\Gin@req@height=\dimen145
\Gin@req@width=\dimen146
)
\xl@everylogo=\toks18
\xl@@everylogo=\toks19
LaTeX Info: Redefining \TeX on input line 193.
LaTeX Info: Redefining \LaTeX on input line 202.
LaTeX Info: Redefining \LaTeXe on input line 219.
)
\l__xetex_show_hyphens_wrapping_box=\box51
\l__xetex_show_hyphens_temp_box=\box52
\l__xetex_show_hyphens_final_box=\box53
\g__xetex_show_hyphens_word_box=\box54
) (/Users/AIN8/Library/TinyTeX/texmf-dist/tex/latex/titlesec/titlesec.sty
Package: titlesec 2021/07/05 v2.14 Sectioning titles
\ttl@box=\box55
\beforetitleunit=\skip52
\aftertitleunit=\skip53
\ttl@plus=\dimen147
\ttl@minus=\dimen148
\ttl@toksa=\toks20
\titlewidth=\dimen149
\titlewidthlast=\dimen150
\titlewidthfirst=\dimen151
) (/Users/AIN8/Library/TinyTeX/texmf-dist/tex/latex/titlesec/titletoc.sty
Package: titletoc 2021/07/05 v2.14 TOC entries
\ttl@leftsep=\dimen152
) (/Users/AIN8/Library/TinyTeX/texmf-dist/tex/latex/hyperref/hyperref.sty
Package: hyperref 2021-06-07 v7.00m Hypertext links for LaTeX
(/Users/AIN8/Library/TinyTeX/texmf-dist/tex/generic/kvsetkeys/kvsetkeys.sty
Package: kvsetkeys 2019/12/15 v1.18 Key value parser (HO)
) (/Users/AIN8/Library/TinyTeX/texmf-dist/tex/generic/kvdefinekeys/kvdefinekeys.sty
Package: kvdefinekeys 2019-12-19 v1.6 Define keys (HO)
) (/Users/AIN8/Library/TinyTeX/texmf-dist/tex/generic/pdfescape/pdfescape.sty
Package: pdfescape 2019/12/09 v1.15 Implements pdfTeX's escape features (HO)
) (/Users/AIN8/Library/TinyTeX/texmf-dist/tex/latex/hycolor/hycolor.sty
Package: hycolor 2020-01-27 v1.10 Color options for hyperref/bookmark (HO)
) (/Users/AIN8/Library/TinyTeX/texmf-dist/tex/latex/letltxmacro/letltxmacro.sty
Package: letltxmacro 2019/12/03 v1.6 Let assignment for LaTeX macros (HO)
) (/Users/AIN8/Library/TinyTeX/texmf-dist/tex/latex/auxhook/auxhook.sty
Package: auxhook 2019-12-17 v1.6 Hooks for auxiliary files (HO)
) (/Users/AIN8/Library/TinyTeX/texmf-dist/tex/latex/kvoptions/kvoptions.sty
Package: kvoptions 2020-10-07 v3.14 Key value format for package options (HO)
)
\@linkdim=\dimen153
\Hy@linkcounter=\count278
\Hy@pagecounter=\count279
(/Users/AIN8/Library/TinyTeX/texmf-dist/tex/latex/hyperref/pd1enc.def
File: pd1enc.def 2021-06-07 v7.00m Hyperref: PDFDocEncoding definition (HO)
) (/Users/AIN8/Library/TinyTeX/texmf-dist/tex/latex/hyperref/hyperref-langpatches.def
File: hyperref-langpatches.def 2021-06-07 v7.00m Hyperref: patches for babel languages
) (/Users/AIN8/Library/TinyTeX/texmf-dist/tex/generic/intcalc/intcalc.sty
Package: intcalc 2019/12/15 v1.3 Expandable calculations with integers (HO)
) (/Users/AIN8/Library/TinyTeX/texmf-dist/tex/generic/etexcmds/etexcmds.sty
Package: etexcmds 2019/12/15 v1.7 Avoid name clashes with e-TeX commands (HO)
)
\Hy@SavedSpaceFactor=\count280
(/Users/AIN8/Library/TinyTeX/texmf-dist/tex/latex/hyperref/puenc.def
File: puenc.def 2021-06-07 v7.00m Hyperref: PDF Unicode definition (HO)
)
Package hyperref Info: Option `unicode' set `true' on input line 4073.
Package hyperref Info: Option `hyperfootnotes' set `false' on input line 4073.
Package hyperref Info: Hyper figures OFF on input line 4192.
Package hyperref Info: Link nesting OFF on input line 4197.
Package hyperref Info: Hyper index ON on input line 4200.
Package hyperref Info: Plain pages OFF on input line 4207.
Package hyperref Info: Backreferencing OFF on input line 4212.
Package hyperref Info: Implicit mode ON; LaTeX internals redefined.
Package hyperref Info: Bookmarks ON on input line 4445.
\c@Hy@tempcnt=\count281
(/Users/AIN8/Library/TinyTeX/texmf-dist/tex/latex/url/url.sty
\Urlmuskip=\muskip16
Package: url 2013/09/16  ver 3.4  Verb mode for urls, etc.
)
LaTeX Info: Redefining \url on input line 4804.
\XeTeXLinkMargin=\dimen154
(/Users/AIN8/Library/TinyTeX/texmf-dist/tex/generic/bitset/bitset.sty
Package: bitset 2019/12/09 v1.3 Handle bit-vector datatype (HO)
(/Users/AIN8/Library/TinyTeX/texmf-dist/tex/generic/bigintcalc/bigintcalc.sty
Package: bigintcalc 2019/12/15 v1.5 Expandable calculations on big integers (HO)
))
\Fld@menulength=\count282
\Field@Width=\dimen155
\Fld@charsize=\dimen156
Package hyperref Info: Hyper figures OFF on input line 6076.
Package hyperref Info: Link nesting OFF on input line 6081.
Package hyperref Info: Hyper index ON on input line 6084.
Package hyperref Info: backreferencing OFF on input line 6091.
Package hyperref Info: Link coloring OFF on input line 6096.
Package hyperref Info: Link coloring with OCG OFF on input line 6101.
Package hyperref Info: PDF/A mode OFF on input line 6106.
LaTeX Info: Redefining \ref on input line 6146.
LaTeX Info: Redefining \pageref on input line 6150.
(/Users/AIN8/Library/TinyTeX/texmf-dist/tex/latex/base/atbegshi-ltx.sty
Package: atbegshi-ltx 2021/01/10 v1.0c Emulation of the original atbegshi
package with kernel methods
)
\Hy@abspage=\count283
\c@Item=\count284
)
Package hyperref Info: Driver: hxetex.
(/Users/AIN8/Library/TinyTeX/texmf-dist/tex/latex/hyperref/hxetex.def
File: hxetex.def 2021-06-07 v7.00m Hyperref driver for XeTeX
(/Users/AIN8/Library/TinyTeX/texmf-dist/tex/generic/stringenc/stringenc.sty
Package: stringenc 2019/11/29 v1.12 Convert strings between diff. encodings (HO)
)
\pdfm@box=\box56
\c@Hy@AnnotLevel=\count285
\HyField@AnnotCount=\count286
\Fld@listcount=\count287
\c@bookmark@seq@number=\count288
(/Users/AIN8/Library/TinyTeX/texmf-dist/tex/latex/rerunfilecheck/rerunfilecheck.sty
Package: rerunfilecheck 2019/12/05 v1.9 Rerun checks for auxiliary files (HO)
(/Users/AIN8/Library/TinyTeX/texmf-dist/tex/latex/base/atveryend-ltx.sty
Package: atveryend-ltx 2020/08/19 v1.0a Emulation of the original atveryend package
with kernel methods
) (/Users/AIN8/Library/TinyTeX/texmf-dist/tex/generic/uniquecounter/uniquecounter.sty
Package: uniquecounter 2019/12/15 v1.4 Provide unlimited unique counter (HO)
)
Package uniquecounter Info: New unique counter `rerunfilecheck' on input line 286.
)
\Hy@SectionHShift=\skip54
) (/Users/AIN8/Library/TinyTeX/texmf-dist/tex/latex/ragged2e/ragged2e.sty
Package: ragged2e 2021/02/05 v3.0 ragged2e Package
\CenteringLeftskip=\skip55
\RaggedLeftLeftskip=\skip56
\RaggedRightLeftskip=\skip57
\CenteringRightskip=\skip58
\RaggedLeftRightskip=\skip59
\RaggedRightRightskip=\skip60
\CenteringParfillskip=\skip61
\RaggedLeftParfillskip=\skip62
\RaggedRightParfillskip=\skip63
\JustifyingParfillskip=\skip64
\CenteringParindent=\skip65
\RaggedLeftParindent=\skip66
\RaggedRightParindent=\skip67
\JustifyingParindent=\skip68
) (/Users/AIN8/Library/TinyTeX/texmf-dist/tex/latex/geometry/geometry.sty
Package: geometry 2020/01/02 v5.9 Page Geometry
(/Users/AIN8/Library/TinyTeX/texmf-dist/tex/generic/iftex/ifvtex.sty
Package: ifvtex 2019/10/25 v1.7 ifvtex legacy package. Use iftex instead.
)
\Gm@cnth=\count289
\Gm@cntv=\count290
\c@Gm@tempcnt=\count291
\Gm@bindingoffset=\dimen157
\Gm@wd@mp=\dimen158
\Gm@odd@mp=\dimen159
\Gm@even@mp=\dimen160
\Gm@layoutwidth=\dimen161
\Gm@layoutheight=\dimen162
\Gm@layouthoffset=\dimen163
\Gm@layoutvoffset=\dimen164
\Gm@dimlist=\toks21
) (/Users/AIN8/Library/TinyTeX/texmf-dist/tex/latex/changepage/changepage.sty
Package: changepage 2009/10/20 v1.0c check page and change page layout
\c@cp@cntr=\count292
\cp@tempcnt=\count293
)
\@tufte@overhang=\skip69
\@tufte@fullwidth=\skip70
\@tufte@caption@fill=\skip71
(/Users/AIN8/Library/TinyTeX/texmf-dist/tex/latex/paralist/paralist.sty
Package: paralist 2017/01/22 v2.7 Extended list environments
\pltopsep=\skip72
\plpartopsep=\skip73
\plitemsep=\skip74
\plparsep=\skip75
\pl@lab=\toks22
) (/Users/AIN8/Library/TinyTeX/texmf-dist/tex/latex/textcase/textcase.sty
Package: textcase 2019/09/14 v1.00 Text only upper/lower case changing (DPC)
)

Class tufte-handout Warning: Couldn't locate `soul' package

(/Users/AIN8/Library/TinyTeX/texmf-dist/tex/latex/setspace/setspace.sty
Package: setspace 2011/12/19 v6.7a set line spacing
) (/Users/AIN8/Library/TinyTeX/texmf-dist/tex/latex/xcolor/xcolor.sty
Package: xcolor 2021/10/31 v2.13 LaTeX color extensions (UK)
(/Users/AIN8/Library/TinyTeX/texmf-dist/tex/latex/graphics-cfg/color.cfg
File: color.cfg 2016/01/02 v1.6 sample color configuration
)
Package xcolor Info: Package option `usenames' ignored on input line 218.
Package xcolor Info: Driver file: xetex.def on input line 227.
Package xcolor Info: Model `cmy' substituted by `cmy0' on input line 1352.
Package xcolor Info: Model `RGB' extended on input line 1368.
Package xcolor Info: Model `HTML' substituted by `rgb' on input line 1370.
Package xcolor Info: Model `Hsb' substituted by `hsb' on input line 1371.
Package xcolor Info: Model `tHsb' substituted by `hsb' on input line 1372.
Package xcolor Info: Model `HSB' substituted by `hsb' on input line 1373.
Package xcolor Info: Model `Gray' substituted by `gray' on input line 1374.
Package xcolor Info: Model `wave' substituted by `hsb' on input line 1375.
(/Users/AIN8/Library/TinyTeX/texmf-dist/tex/latex/graphics/dvipsnam.def
File: dvipsnam.def 2016/06/17 v3.0m Driver-dependent file (DPC,SPQR)
) (/Users/AIN8/Library/TinyTeX/texmf-dist/tex/latex/xcolor/svgnam.def
File: svgnam.def 2021/10/31 v2.13 Predefined colors according to SVG 1.1 (UK)
)) (/Users/AIN8/Library/TinyTeX/texmf-dist/tex/latex/natbib/natbib.sty
Package: natbib 2010/09/13 8.31b (PWD, AO)
\bibhang=\skip76
\bibsep=\skip77
LaTeX Info: Redefining \cite on input line 694.
\c@NAT@ctr=\count294
) (/Users/AIN8/Library/TinyTeX/texmf-dist/tex/latex/natbib/bibentry.sty
Package: bibentry 2007/10/30 1.5 (PWD)
)
No file CausalInference.bbl.
\c@@tufte@num@bibkeys=\count295
(/Users/AIN8/Library/TinyTeX/texmf-dist/tex/latex/sauerj/optparams.sty
Package: optparams 2004/08/14 v0.9 multiple optional parameters in macros
)
\@tufte@sidenote@vertical@offset=\skip78
(/Users/AIN8/Library/TinyTeX/texmf-dist/tex/latex/placeins/placeins.sty
Package: placeins 2005/04/18  v 2.2
)
\@tufte@margin@floatbox=\box57
\@tufte@figure@box=\box58
\@tufte@caption@box=\box59
\@tufte@caption@vertical@offset=\skip79
\@tufte@float@contents@width=\skip80
(/Users/AIN8/Library/TinyTeX/texmf-dist/tex/latex/fancyhdr/fancyhdr.sty
Package: fancyhdr 2021/01/28 v4.0.1 Extensive control of page headers and footers
\f@nch@headwidth=\skip81
\f@nch@O@elh=\skip82
\f@nch@O@erh=\skip83
\f@nch@O@olh=\skip84
\f@nch@O@orh=\skip85
\f@nch@O@elf=\skip86
\f@nch@O@erf=\skip87
\f@nch@O@olf=\skip88
\f@nch@O@orf=\skip89
)
\tufteskipamount=\skip90
(/Users/AIN8/Library/TinyTeX/texmf-dist/tex/latex/tools/multicol.sty
Package: multicol 2021/10/28 v1.9b multicolumn formatting (FMi)
\c@tracingmulticols=\count296
\mult@box=\box60
\multicol@leftmargin=\dimen165
\c@unbalance=\count297
\c@collectmore=\count298
\doublecol@number=\count299
\multicoltolerance=\count300
\multicolpretolerance=\count301
\full@width=\dimen166
\page@free=\dimen167
\premulticols=\dimen168
\postmulticols=\dimen169
\multicolsep=\skip91
\multicolbaselineskip=\skip92
\partial@page=\box61
\last@line=\box62
\maxbalancingoverflow=\dimen170
\mult@rightbox=\box63
\mult@grightbox=\box64
\mult@firstbox=\box65
\mult@gfirstbox=\box66
\@tempa=\box67
\@tempa=\box68
\@tempa=\box69
\@tempa=\box70
\@tempa=\box71
\@tempa=\box72
\@tempa=\box73
\@tempa=\box74
\@tempa=\box75
\@tempa=\box76
\@tempa=\box77
\@tempa=\box78
\@tempa=\box79
\@tempa=\box80
\@tempa=\box81
\@tempa=\box82
\@tempa=\box83
\@tempa=\box84
\@tempa=\box85
\@tempa=\box86
\@tempa=\box87
\@tempa=\box88
\@tempa=\box89
\@tempa=\box90
\@tempa=\box91
\@tempa=\box92
\@tempa=\box93
\@tempa=\box94
\@tempa=\box95
\@tempa=\box96
\@tempa=\box97
\@tempa=\box98
\@tempa=\box99
\@tempa=\box100
\@tempa=\box101
\@tempa=\box102
\c@minrows=\count302
\c@columnbadness=\count303
\c@finalcolumnbadness=\count304
\last@try=\dimen171
\multicolovershoot=\dimen172
\multicolundershoot=\dimen173
\mult@nat@firstbox=\box103
\colbreak@box=\box104
\mc@col@check@num=\count305
))) (/Users/AIN8/Library/TinyTeX/texmf-dist/tex/latex/amsfonts/amssymb.sty
Package: amssymb 2013/01/14 v3.01 AMS font symbols
(/Users/AIN8/Library/TinyTeX/texmf-dist/tex/latex/amsfonts/amsfonts.sty
Package: amsfonts 2013/01/14 v3.01 Basic AMSFonts support
\@emptytoks=\toks23
\symAMSa=\mathgroup4
\symAMSb=\mathgroup5
LaTeX Font Info:    Redeclaring math symbol \hbar on input line 98.
LaTeX Font Info:    Overwriting math alphabet `\mathfrak' in version `bold'
(Font)                  U/euf/m/n --> U/euf/b/n on input line 106.
)) (/Users/AIN8/Library/TinyTeX/texmf-dist/tex/latex/amsmath/amsmath.sty
Package: amsmath 2021/10/15 v2.17l AMS math features
\@mathmargin=\skip93
For additional information on amsmath, use the `?' option.
(/Users/AIN8/Library/TinyTeX/texmf-dist/tex/latex/amsmath/amstext.sty
Package: amstext 2021/08/26 v2.01 AMS text
(/Users/AIN8/Library/TinyTeX/texmf-dist/tex/latex/amsmath/amsgen.sty
File: amsgen.sty 1999/11/30 v2.0 generic functions
\@emptytoks=\toks24
\ex@=\dimen174
)) (/Users/AIN8/Library/TinyTeX/texmf-dist/tex/latex/amsmath/amsbsy.sty
Package: amsbsy 1999/11/29 v1.2d Bold Symbols
\pmbraise@=\dimen175
) (/Users/AIN8/Library/TinyTeX/texmf-dist/tex/latex/amsmath/amsopn.sty
Package: amsopn 2021/08/26 v2.02 operator names
)
\inf@bad=\count306
LaTeX Info: Redefining \frac on input line 234.
\uproot@=\count307
\leftroot@=\count308
LaTeX Info: Redefining \overline on input line 399.
\classnum@=\count309
\DOTSCASE@=\count310
LaTeX Info: Redefining \ldots on input line 496.
LaTeX Info: Redefining \dots on input line 499.
LaTeX Info: Redefining \cdots on input line 620.
\Mathstrutbox@=\box105
\strutbox@=\box106
\big@size=\dimen176
LaTeX Font Info:    Redeclaring font encoding OML on input line 743.
LaTeX Font Info:    Redeclaring font encoding OMS on input line 744.
\macc@depth=\count311
\c@MaxMatrixCols=\count312
\dotsspace@=\muskip17
\c@parentequation=\count313
\dspbrk@lvl=\count314
\tag@help=\toks25
\row@=\count315
\column@=\count316
\maxfields@=\count317
\andhelp@=\toks26
\eqnshift@=\dimen177
\alignsep@=\dimen178
\tagshift@=\dimen179
\tagwidth@=\dimen180
\totwidth@=\dimen181
\lineht@=\dimen182
\@envbody=\toks27
\multlinegap=\skip94
\multlinetaggap=\skip95
\mathdisplay@stack=\toks28
LaTeX Info: Redefining \[ on input line 2938.
LaTeX Info: Redefining \] on input line 2939.
) (/Users/AIN8/Library/TinyTeX/texmf-dist/tex/latex/base/fixltx2e.sty
Package: fixltx2e 2016/12/29 v2.1a fixes to LaTeX (obsolete)
Applying: [2015/01/01] Old fixltx2e package on input line 46.

Package fixltx2e Warning: fixltx2e is not required with releases after 2015
(fixltx2e)                All fixes are now in the LaTeX kernel.
(fixltx2e)                See the latexrelease package for details.

Already applied: [0000/00/00] Old fixltx2e package on input line 53.
) (/Users/AIN8/Library/TinyTeX/texmf-dist/tex/latex/booktabs/booktabs.sty
Package: booktabs 2020/01/12 v1.61803398 Publication quality tables
\heavyrulewidth=\dimen183
\lightrulewidth=\dimen184
\cmidrulewidth=\dimen185
\belowrulesep=\dimen186
\belowbottomsep=\dimen187
\aboverulesep=\dimen188
\abovetopsep=\dimen189
\cmidrulesep=\dimen190
\cmidrulekern=\dimen191
\defaultaddspace=\dimen192
\@cmidla=\count318
\@cmidlb=\count319
\@aboverulesep=\dimen193
\@belowrulesep=\dimen194
\@thisruleclass=\count320
\@lastruleclass=\count321
\@thisrulewidth=\dimen195
) (/Users/AIN8/Library/TinyTeX/texmf-dist/tex/latex/units/units.sty
Package: units 1998/08/04 v0.9b Typesetting units
(/Users/AIN8/Library/TinyTeX/texmf-dist/tex/latex/units/nicefrac.sty
Package: nicefrac 1998/08/04 v0.9b Nice fractions
\L@UnitsRaiseDisplaystyle=\skip96
\L@UnitsRaiseTextstyle=\skip97
\L@UnitsRaiseScriptstyle=\skip98
)) (/Users/AIN8/Library/TinyTeX/texmf-dist/tex/latex/fancyvrb/fancyvrb.sty
Package: fancyvrb 2021/11/24\nobreakspace {} 4.1a\nobreakspace {}verbatim text (tvz,hv)
\FV@CodeLineNo=\count322
\FV@InFile=\read2
\FV@TabBox=\box107
\c@FancyVerbLine=\count323
\FV@StepNumber=\count324
\FV@OutFile=\write3
) (/Users/AIN8/Library/TinyTeX/texmf-dist/tex/latex/framed/framed.sty
Package: framed 2011/10/22 v 0.96: framed or shaded text with page breaks
\OuterFrameSep=\skip99
\fb@frw=\dimen196
\fb@frh=\dimen197
\FrameRule=\dimen198
\FrameSep=\dimen199
) (/Users/AIN8/Library/TinyTeX/texmf-dist/tex/latex/tools/longtable.sty
Package: longtable 2021-09-01 v4.17 Multi-page Table package (DPC)
\LTleft=\skip100
\LTright=\skip101
\LTpre=\skip102
\LTpost=\skip103
\LTchunksize=\count325
\LTcapwidth=\dimen256
\LT@head=\box108
\LT@firsthead=\box109
\LT@foot=\box110
\LT@lastfoot=\box111
\LT@gbox=\box112
\LT@cols=\count326
\LT@rows=\count327
\c@LT@tables=\count328
\c@LT@chunks=\count329
\LT@p@ftn=\toks29
) (/Users/AIN8/Library/TinyTeX/texmf-dist/tex/generic/ulem/ulem.sty
\UL@box=\box113
\UL@hyphenbox=\box114
\UL@skip=\skip104
\UL@hook=\toks30
\UL@height=\dimen257
\UL@pe=\count330
\UL@pixel=\dimen258
\ULC@box=\box115
Package: ulem 2019/11/18
\ULdepth=\dimen259
) (/Users/AIN8/Library/TinyTeX/texmf-dist/tex/latex/morefloats/morefloats.sty
Package: morefloats 2015/07/22 v1.0h Raise limit of unprocessed floats (HMM)
Package morefloats Info: Maximum number of possible floats asked for: 36
(morefloats)             (i.e. 18 more floats).
(morefloats)             LaTeX might run out of memory before this
(morefloats)             (in which case it will notify you).
) (/Users/AIN8/Library/TinyTeX/texmf-dist/tex/latex/roboto/roboto.sty
Package: roboto 2019/12/11 (Bob Tennent) Supports Roboto fonts for all LaTeX engines.
(/Users/AIN8/Library/TinyTeX/texmf-dist/tex/latex/base/textcomp.sty
Package: textcomp 2020/02/02 v2.0n Standard LaTeX package
)
Requested font "[RobotoCondensed-Regular.otf]/OT" at 9.99997pt
 -> /Users/AIN8/Library/TinyTeX/texmf-dist/fonts/opentype/google/roboto/RobotoCondensed-Regular.otf
Requested font "[RobotoCondensed-Regular.otf]/OT" at 10.00003pt
 -> /Users/AIN8/Library/TinyTeX/texmf-dist/fonts/opentype/google/roboto/RobotoCondensed-Regular.otf
Requested font "[RobotoCondensed-Regular.otf]/OT:script=latn;language=dflt;" at 10.00003pt
 -> /Users/AIN8/Library/TinyTeX/texmf-dist/fonts/opentype/google/roboto/RobotoCondensed-Regular.otf
Requested font "[RobotoCondensed-Bold.otf]/OT:script=latn;language=dflt;" at 10.00003pt
 -> /Users/AIN8/Library/TinyTeX/texmf-dist/fonts/opentype/google/roboto/RobotoCondensed-Bold.otf
Requested font "[RobotoCondensed-Italic.otf]/OT:script=latn;language=dflt;" at 10.00003pt
 -> /Users/AIN8/Library/TinyTeX/texmf-dist/fonts/opentype/google/roboto/RobotoCondensed-Italic.otf
Requested font "[RobotoCondensed-BoldItalic.otf]/OT:script=latn;language=dflt;" at 10.00003pt
 -> /Users/AIN8/Library/TinyTeX/texmf-dist/fonts/opentype/google/roboto/RobotoCondensed-BoldItalic.otf

Package fontspec Info: Font family 'RobotoCondensed(0)' created for font
(fontspec)             'RobotoCondensed' with options [Ligatures = TeX,Scale =
(fontspec)             1,Extension = .otf,Ligatures=TeX,Numbers =
(fontspec)             {Proportional,Lining},UprightFont =
(fontspec)             *-Regular,ItalicFont = *-Italic,BoldFont =
(fontspec)             *-Bold,BoldItalicFont = *-BoldItalic].
(fontspec)              
(fontspec)              This font family consists of the following NFSS
(fontspec)             series/shapes:
(fontspec)              
(fontspec)             - 'normal' (m/n) with NFSS spec.:
(fontspec)             <->s*[1]"[RobotoCondensed-Regular.otf]/OT:script=latn;language=dflt;+pnum;+lnum;mapping=tex-text;"
(fontspec)             - 'small caps'  (m/sc) with NFSS spec.:
(fontspec)             <->s*[1]"[RobotoCondensed-Regular.otf]/OT:script=latn;language=dflt;+pnum;+lnum;+smcp;mapping=tex-text;"
(fontspec)             - 'bold' (b/n) with NFSS spec.:
(fontspec)             <->s*[1]"[RobotoCondensed-Bold.otf]/OT:script=latn;language=dflt;+pnum;+lnum;mapping=tex-text;"
(fontspec)             - 'bold small caps'  (b/sc) with NFSS spec.:
(fontspec)             <->s*[1]"[RobotoCondensed-Bold.otf]/OT:script=latn;language=dflt;+pnum;+lnum;+smcp;mapping=tex-text;"
(fontspec)             - 'italic' (m/it) with NFSS spec.:
(fontspec)             <->s*[1]"[RobotoCondensed-Italic.otf]/OT:script=latn;language=dflt;+pnum;+lnum;mapping=tex-text;"
(fontspec)             - 'italic small caps'  (m/scit) with NFSS spec.:
(fontspec)             <->s*[1]"[RobotoCondensed-Italic.otf]/OT:script=latn;language=dflt;+pnum;+lnum;+smcp;mapping=tex-text;"
(fontspec)             - 'bold italic' (b/it) with NFSS spec.:
(fontspec)             <->s*[1]"[RobotoCondensed-BoldItalic.otf]/OT:script=latn;language=dflt;+pnum;+lnum;mapping=tex-text;"
(fontspec)             - 'bold italic small caps'  (b/scit) with NFSS spec.:
(fontspec)             <->s*[1]"[RobotoCondensed-BoldItalic.otf]/OT:script=latn;language=dflt;+pnum;+lnum;+smcp;mapping=tex-text;"

Requested font "[Roboto-Regular.otf]/OT" at 9.99997pt
 -> /Users/AIN8/Library/TinyTeX/texmf-dist/fonts/opentype/google/roboto/Roboto-Regular.otf
Requested font "[Roboto-Regular.otf]/OT" at 10.00003pt
 -> /Users/AIN8/Library/TinyTeX/texmf-dist/fonts/opentype/google/roboto/Roboto-Regular.otf
Requested font "[Roboto-Regular.otf]/OT:script=latn;language=dflt;" at 10.00003pt
 -> /Users/AIN8/Library/TinyTeX/texmf-dist/fonts/opentype/google/roboto/Roboto-Regular.otf
Requested font "[Roboto-Bold.otf]/OT:script=latn;language=dflt;" at 10.00003pt
 -> /Users/AIN8/Library/TinyTeX/texmf-dist/fonts/opentype/google/roboto/Roboto-Bold.otf
Requested font "[Roboto-Italic.otf]/OT:script=latn;language=dflt;" at 10.00003pt
 -> /Users/AIN8/Library/TinyTeX/texmf-dist/fonts/opentype/google/roboto/Roboto-Italic.otf
Requested font "[Roboto-BoldItalic.otf]/OT:script=latn;language=dflt;" at 10.00003pt
 -> /Users/AIN8/Library/TinyTeX/texmf-dist/fonts/opentype/google/roboto/Roboto-BoldItalic.otf

Package fontspec Info: Font family 'Roboto(0)' created for font 'Roboto' with
(fontspec)             options [Ligatures = TeX,Scale = 1,Extension =
(fontspec)             .otf,Numbers = {Proportional,Lining},UprightFont =
(fontspec)             *-Regular,ItalicFont = *-Italic,BoldFont =
(fontspec)             *-Bold,BoldItalicFont = *-BoldItalic].
(fontspec)              
(fontspec)              This font family consists of the following NFSS
(fontspec)             series/shapes:
(fontspec)              
(fontspec)             - 'normal' (m/n) with NFSS spec.:
(fontspec)             <->s*[1]"[Roboto-Regular.otf]/OT:script=latn;language=dflt;+pnum;+lnum;mapping=tex-text;"
(fontspec)             - 'small caps'  (m/sc) with NFSS spec.:
(fontspec)             <->s*[1]"[Roboto-Regular.otf]/OT:script=latn;language=dflt;+pnum;+lnum;+smcp;mapping=tex-text;"
(fontspec)             - 'bold' (b/n) with NFSS spec.:
(fontspec)             <->s*[1]"[Roboto-Bold.otf]/OT:script=latn;language=dflt;+pnum;+lnum;mapping=tex-text;"
(fontspec)             - 'bold small caps'  (b/sc) with NFSS spec.:
(fontspec)             <->s*[1]"[Roboto-Bold.otf]/OT:script=latn;language=dflt;+pnum;+lnum;+smcp;mapping=tex-text;"
(fontspec)             - 'italic' (m/it) with NFSS spec.:
(fontspec)             <->s*[1]"[Roboto-Italic.otf]/OT:script=latn;language=dflt;+pnum;+lnum;mapping=tex-text;"
(fontspec)             - 'italic small caps'  (m/scit) with NFSS spec.:
(fontspec)             <->s*[1]"[Roboto-Italic.otf]/OT:script=latn;language=dflt;+pnum;+lnum;+smcp;mapping=tex-text;"
(fontspec)             - 'bold italic' (b/it) with NFSS spec.:
(fontspec)             <->s*[1]"[Roboto-BoldItalic.otf]/OT:script=latn;language=dflt;+pnum;+lnum;mapping=tex-text;"
(fontspec)             - 'bold italic small caps'  (b/scit) with NFSS spec.:
(fontspec)             <->s*[1]"[Roboto-BoldItalic.otf]/OT:script=latn;language=dflt;+pnum;+lnum;+smcp;mapping=tex-text;"


Package fontspec Info: Font family 'RobotoCondensed(1)' created for font
(fontspec)             'RobotoCondensed' with options [Ligatures = TeX,Scale =
(fontspec)             1,Extension = .otf,Numbers =
(fontspec)             {Proportional,Lining},UprightFont =
(fontspec)             *-Regular,ItalicFont = *-Italic,BoldFont =
(fontspec)             *-Bold,BoldItalicFont = *-BoldItalic].
(fontspec)              
(fontspec)              This font family consists of the following NFSS
(fontspec)             series/shapes:
(fontspec)              
(fontspec)             - 'normal' (m/n) with NFSS spec.:
(fontspec)             <->s*[1]"[RobotoCondensed-Regular.otf]/OT:script=latn;language=dflt;+pnum;+lnum;mapping=tex-text;"
(fontspec)             - 'small caps'  (m/sc) with NFSS spec.:
(fontspec)             <->s*[1]"[RobotoCondensed-Regular.otf]/OT:script=latn;language=dflt;+pnum;+lnum;+smcp;mapping=tex-text;"
(fontspec)             - 'bold' (b/n) with NFSS spec.:
(fontspec)             <->s*[1]"[RobotoCondensed-Bold.otf]/OT:script=latn;language=dflt;+pnum;+lnum;mapping=tex-text;"
(fontspec)             - 'bold small caps'  (b/sc) with NFSS spec.:
(fontspec)             <->s*[1]"[RobotoCondensed-Bold.otf]/OT:script=latn;language=dflt;+pnum;+lnum;+smcp;mapping=tex-text;"
(fontspec)             - 'italic' (m/it) with NFSS spec.:
(fontspec)             <->s*[1]"[RobotoCondensed-Italic.otf]/OT:script=latn;language=dflt;+pnum;+lnum;mapping=tex-text;"
(fontspec)             - 'italic small caps'  (m/scit) with NFSS spec.:
(fontspec)             <->s*[1]"[RobotoCondensed-Italic.otf]/OT:script=latn;language=dflt;+pnum;+lnum;+smcp;mapping=tex-text;"
(fontspec)             - 'bold italic' (b/it) with NFSS spec.:
(fontspec)             <->s*[1]"[RobotoCondensed-BoldItalic.otf]/OT:script=latn;language=dflt;+pnum;+lnum;mapping=tex-text;"
(fontspec)             - 'bold italic small caps'  (b/scit) with NFSS spec.:
(fontspec)             <->s*[1]"[RobotoCondensed-BoldItalic.otf]/OT:script=latn;language=dflt;+pnum;+lnum;+smcp;mapping=tex-text;"

Requested font "[RobotoCondensed-Bold.otf]/OT" at 9.99997pt
 -> /Users/AIN8/Library/TinyTeX/texmf-dist/fonts/opentype/google/roboto/RobotoCondensed-Bold.otf
Requested font "[RobotoCondensed-Bold.otf]/OT" at 10.00003pt
 -> /Users/AIN8/Library/TinyTeX/texmf-dist/fonts/opentype/google/roboto/RobotoCondensed-Bold.otf

Package fontspec Info: Font family 'RobotoCondensed(2)' created for font
(fontspec)             'RobotoCondensed' with options [Ligatures = TeX,Scale =
(fontspec)             1,Extension = .otf,Numbers =
(fontspec)             {Proportional,Lining},UprightFont = *-Bold,ItalicFont =
(fontspec)             *-BoldItalic,BoldFont = *-Bold,BoldItalicFont =
(fontspec)             *-BoldItalic].
(fontspec)              
(fontspec)              This font family consists of the following NFSS
(fontspec)             series/shapes:
(fontspec)              
(fontspec)             - 'normal' (m/n) with NFSS spec.:
(fontspec)             <->s*[1]"[RobotoCondensed-Bold.otf]/OT:script=latn;language=dflt;+pnum;+lnum;mapping=tex-text;"
(fontspec)             - 'small caps'  (m/sc) with NFSS spec.:
(fontspec)             <->s*[1]"[RobotoCondensed-Bold.otf]/OT:script=latn;language=dflt;+pnum;+lnum;+smcp;mapping=tex-text;"
(fontspec)             - 'bold' (b/n) with NFSS spec.:
(fontspec)             <->s*[1]"[RobotoCondensed-Bold.otf]/OT:script=latn;language=dflt;+pnum;+lnum;mapping=tex-text;"
(fontspec)             - 'bold small caps'  (b/sc) with NFSS spec.:
(fontspec)             <->s*[1]"[RobotoCondensed-Bold.otf]/OT:script=latn;language=dflt;+pnum;+lnum;+smcp;mapping=tex-text;"
(fontspec)             - 'italic' (m/it) with NFSS spec.:
(fontspec)             <->s*[1]"[RobotoCondensed-BoldItalic.otf]/OT:script=latn;language=dflt;+pnum;+lnum;mapping=tex-text;"
(fontspec)             - 'italic small caps'  (m/scit) with NFSS spec.:
(fontspec)             <->s*[1]"[RobotoCondensed-BoldItalic.otf]/OT:script=latn;language=dflt;+pnum;+lnum;+smcp;mapping=tex-text;"
(fontspec)             - 'bold italic' (b/it) with NFSS spec.:
(fontspec)             <->s*[1]"[RobotoCondensed-BoldItalic.otf]/OT:script=latn;language=dflt;+pnum;+lnum;mapping=tex-text;"
(fontspec)             - 'bold italic small caps'  (b/scit) with NFSS spec.:
(fontspec)             <->s*[1]"[RobotoCondensed-BoldItalic.otf]/OT:script=latn;language=dflt;+pnum;+lnum;+smcp;mapping=tex-text;"

Requested font "[RobotoSlab-Regular.otf]/OT" at 9.99997pt
 -> /Users/AIN8/Library/TinyTeX/texmf-dist/fonts/opentype/google/roboto/RobotoSlab-Regular.otf
Requested font "[RobotoSlab-Regular.otf]/OT" at 10.00003pt
 -> /Users/AIN8/Library/TinyTeX/texmf-dist/fonts/opentype/google/roboto/RobotoSlab-Regular.otf
Requested font "[RobotoSlab-Regular.otf]/OT:script=DFLT;language=dflt;" at 10.00003pt
 -> /Users/AIN8/Library/TinyTeX/texmf-dist/fonts/opentype/google/roboto/RobotoSlab-Regular.otf
Requested font "[RobotoSlab-Bold.otf]/OT:script=DFLT;language=dflt;" at 10.00003pt
 -> /Users/AIN8/Library/TinyTeX/texmf-dist/fonts/opentype/google/roboto/RobotoSlab-Bold.otf

Package fontspec Info: Font family 'RobotoSlab(0)' created for font
(fontspec)             'RobotoSlab' with options [Ligatures = TeX,Scale =
(fontspec)             1,Extension = .otf,UprightFont = *-Regular,BoldFont =
(fontspec)             *-Bold].
(fontspec)              
(fontspec)              This font family consists of the following NFSS
(fontspec)             series/shapes:
(fontspec)              
(fontspec)             - 'normal' (m/n) with NFSS spec.:
(fontspec)             <->s*[1]"[RobotoSlab-Regular.otf]/OT:script=DFLT;language=dflt;mapping=tex-text;"
(fontspec)             - 'small caps'  (m/sc) with NFSS spec.:
(fontspec)             <->s*[1]"[RobotoSlab-Regular.otf]/OT:script=DFLT;language=dflt;+smcp;mapping=tex-text;"
(fontspec)             - 'bold' (b/n) with NFSS spec.:
(fontspec)             <->s*[1]"[RobotoSlab-Bold.otf]/OT:script=DFLT;language=dflt;mapping=tex-text;"
(fontspec)             - 'bold small caps'  (b/sc) with NFSS spec.:
(fontspec)             <->s*[1]"[RobotoSlab-Bold.otf]/OT:script=DFLT;language=dflt;+smcp;mapping=tex-text;"


Package fontspec Info: Font family 'RobotoCondensed(3)' created for font
(fontspec)             'RobotoCondensed' with options [Ligatures = TeX,Scale =
(fontspec)             1,Extension = .otf,Numbers =
(fontspec)             {Proportional,Lining},UprightFont =
(fontspec)             *-Regular,ItalicFont = *-Italic].
(fontspec)              
(fontspec)              This font family consists of the following NFSS
(fontspec)             series/shapes:
(fontspec)              
(fontspec)             - 'normal' (m/n) with NFSS spec.:
(fontspec)             <->s*[1]"[RobotoCondensed-Regular.otf]/OT:script=latn;language=dflt;+pnum;+lnum;mapping=tex-text;"
(fontspec)             - 'small caps'  (m/sc) with NFSS spec.:
(fontspec)             <->s*[1]"[RobotoCondensed-Regular.otf]/OT:script=latn;language=dflt;+pnum;+lnum;+smcp;mapping=tex-text;"
(fontspec)             - 'italic' (m/it) with NFSS spec.:
(fontspec)             <->s*[1]"[RobotoCondensed-Italic.otf]/OT:script=latn;language=dflt;+pnum;+lnum;mapping=tex-text;"
(fontspec)             - 'italic small caps'  (m/scit) with NFSS spec.:
(fontspec)             <->s*[1]"[RobotoCondensed-Italic.otf]/OT:script=latn;language=dflt;+pnum;+lnum;+smcp;mapping=tex-text;"

Requested font "[RobotoCondensed-Light.otf]/OT" at 9.99997pt
 -> /Users/AIN8/Library/TinyTeX/texmf-dist/fonts/opentype/google/roboto/RobotoCondensed-Light.otf
Requested font "[RobotoCondensed-Light.otf]/OT" at 10.00003pt
 -> /Users/AIN8/Library/TinyTeX/texmf-dist/fonts/opentype/google/roboto/RobotoCondensed-Light.otf
Requested font "[RobotoCondensed-Light.otf]/OT:script=latn;language=dflt;" at 10.00003pt
 -> /Users/AIN8/Library/TinyTeX/texmf-dist/fonts/opentype/google/roboto/RobotoCondensed-Light.otf
Requested font "[RobotoCondensed-LightItalic.otf]/OT:script=latn;language=dflt;" at 10.00003pt
 -> /Users/AIN8/Library/TinyTeX/texmf-dist/fonts/opentype/google/roboto/RobotoCondensed-LightItalic.otf

Package fontspec Info: Font family 'RobotoCondensed(4)' created for font
(fontspec)             'RobotoCondensed' with options [Ligatures = TeX,Scale =
(fontspec)             1,Extension = .otf,Numbers =
(fontspec)             {Proportional,Lining},UprightFont = *-Light,ItalicFont
(fontspec)             = *-LightItalic].
(fontspec)              
(fontspec)              This font family consists of the following NFSS
(fontspec)             series/shapes:
(fontspec)              
(fontspec)             - 'normal' (m/n) with NFSS spec.:
(fontspec)             <->s*[1]"[RobotoCondensed-Light.otf]/OT:script=latn;language=dflt;+pnum;+lnum;mapping=tex-text;"
(fontspec)             - 'small caps'  (m/sc) with NFSS spec.:
(fontspec)             <->s*[1]"[RobotoCondensed-Light.otf]/OT:script=latn;language=dflt;+pnum;+lnum;+smcp;mapping=tex-text;"
(fontspec)             - 'italic' (m/it) with NFSS spec.:
(fontspec)             <->s*[1]"[RobotoCondensed-LightItalic.otf]/OT:script=latn;language=dflt;+pnum;+lnum;mapping=tex-text;"
(fontspec)             - 'italic small caps'  (m/scit) with NFSS spec.:
(fontspec)             <->s*[1]"[RobotoCondensed-LightItalic.otf]/OT:script=latn;language=dflt;+pnum;+lnum;+smcp;mapping=tex-text;"


Package fontspec Info: Font family 'RobotoCondensed(5)' created for font
(fontspec)             'RobotoCondensed' with options [Ligatures = TeX,Scale =
(fontspec)             1,Extension = .otf,Numbers =
(fontspec)             {Proportional,Lining},UprightFont = *-Bold,ItalicFont =
(fontspec)             *-BoldItalic].
(fontspec)              
(fontspec)              This font family consists of the following NFSS
(fontspec)             series/shapes:
(fontspec)              
(fontspec)             - 'normal' (m/n) with NFSS spec.:
(fontspec)             <->s*[1]"[RobotoCondensed-Bold.otf]/OT:script=latn;language=dflt;+pnum;+lnum;mapping=tex-text;"
(fontspec)             - 'small caps'  (m/sc) with NFSS spec.:
(fontspec)             <->s*[1]"[RobotoCondensed-Bold.otf]/OT:script=latn;language=dflt;+pnum;+lnum;+smcp;mapping=tex-text;"
(fontspec)             - 'italic' (m/it) with NFSS spec.:
(fontspec)             <->s*[1]"[RobotoCondensed-BoldItalic.otf]/OT:script=latn;language=dflt;+pnum;+lnum;mapping=tex-text;"
(fontspec)             - 'italic small caps'  (m/scit) with NFSS spec.:
(fontspec)             <->s*[1]"[RobotoCondensed-BoldItalic.otf]/OT:script=latn;language=dflt;+pnum;+lnum;+smcp;mapping=tex-text;"


Package fontspec Info: Font family 'RobotoCondensed(6)' created for font
(fontspec)             'RobotoCondensed' with options [Ligatures = TeX,Scale =
(fontspec)             1,Extension = .otf,Numbers =
(fontspec)             {Proportional,OldStyle},UprightFont =
(fontspec)             *-Regular,ItalicFont = *-Italic,BoldFont =
(fontspec)             *-Bold,BoldItalicFont = *-BoldItalic].
(fontspec)              
(fontspec)              This font family consists of the following NFSS
(fontspec)             series/shapes:
(fontspec)              
(fontspec)             - 'normal' (m/n) with NFSS spec.:
(fontspec)             <->s*[1]"[RobotoCondensed-Regular.otf]/OT:script=latn;language=dflt;+pnum;+onum;mapping=tex-text;"
(fontspec)             - 'small caps'  (m/sc) with NFSS spec.:
(fontspec)             <->s*[1]"[RobotoCondensed-Regular.otf]/OT:script=latn;language=dflt;+pnum;+onum;+smcp;mapping=tex-text;"
(fontspec)             - 'bold' (b/n) with NFSS spec.:
(fontspec)             <->s*[1]"[RobotoCondensed-Bold.otf]/OT:script=latn;language=dflt;+pnum;+onum;mapping=tex-text;"
(fontspec)             - 'bold small caps'  (b/sc) with NFSS spec.:
(fontspec)             <->s*[1]"[RobotoCondensed-Bold.otf]/OT:script=latn;language=dflt;+pnum;+onum;+smcp;mapping=tex-text;"
(fontspec)             - 'italic' (m/it) with NFSS spec.:
(fontspec)             <->s*[1]"[RobotoCondensed-Italic.otf]/OT:script=latn;language=dflt;+pnum;+onum;mapping=tex-text;"
(fontspec)             - 'italic small caps'  (m/scit) with NFSS spec.:
(fontspec)             <->s*[1]"[RobotoCondensed-Italic.otf]/OT:script=latn;language=dflt;+pnum;+onum;+smcp;mapping=tex-text;"
(fontspec)             - 'bold italic' (b/it) with NFSS spec.:
(fontspec)             <->s*[1]"[RobotoCondensed-BoldItalic.otf]/OT:script=latn;language=dflt;+pnum;+onum;mapping=tex-text;"
(fontspec)             - 'bold italic small caps'  (b/scit) with NFSS spec.:
(fontspec)             <->s*[1]"[RobotoCondensed-BoldItalic.otf]/OT:script=latn;language=dflt;+pnum;+onum;+smcp;mapping=tex-text;"


Package fontspec Info: Font family 'RobotoCondensed(7)' created for font
(fontspec)             'RobotoCondensed' with options [Ligatures = TeX,Scale =
(fontspec)             1,Extension = .otf,Numbers =
(fontspec)             {Monospaced,Lining},UprightFont = *-Regular,ItalicFont
(fontspec)             = *-Italic,BoldFont = *-Bold,BoldItalicFont =
(fontspec)             *-BoldItalic].
(fontspec)              
(fontspec)              This font family consists of the following NFSS
(fontspec)             series/shapes:
(fontspec)              
(fontspec)             - 'normal' (m/n) with NFSS spec.:
(fontspec)             <->s*[1]"[RobotoCondensed-Regular.otf]/OT:script=latn;language=dflt;+tnum;+lnum;mapping=tex-text;"
(fontspec)             - 'small caps'  (m/sc) with NFSS spec.:
(fontspec)             <->s*[1]"[RobotoCondensed-Regular.otf]/OT:script=latn;language=dflt;+tnum;+lnum;+smcp;mapping=tex-text;"
(fontspec)             - 'bold' (b/n) with NFSS spec.:
(fontspec)             <->s*[1]"[RobotoCondensed-Bold.otf]/OT:script=latn;language=dflt;+tnum;+lnum;mapping=tex-text;"
(fontspec)             - 'bold small caps'  (b/sc) with NFSS spec.:
(fontspec)             <->s*[1]"[RobotoCondensed-Bold.otf]/OT:script=latn;language=dflt;+tnum;+lnum;+smcp;mapping=tex-text;"
(fontspec)             - 'italic' (m/it) with NFSS spec.:
(fontspec)             <->s*[1]"[RobotoCondensed-Italic.otf]/OT:script=latn;language=dflt;+tnum;+lnum;mapping=tex-text;"
(fontspec)             - 'italic small caps'  (m/scit) with NFSS spec.:
(fontspec)             <->s*[1]"[RobotoCondensed-Italic.otf]/OT:script=latn;language=dflt;+tnum;+lnum;+smcp;mapping=tex-text;"
(fontspec)             - 'bold italic' (b/it) with NFSS spec.:
(fontspec)             <->s*[1]"[RobotoCondensed-BoldItalic.otf]/OT:script=latn;language=dflt;+tnum;+lnum;mapping=tex-text;"
(fontspec)             - 'bold italic small caps'  (b/scit) with NFSS spec.:
(fontspec)             <->s*[1]"[RobotoCondensed-BoldItalic.otf]/OT:script=latn;language=dflt;+tnum;+lnum;+smcp;mapping=tex-text;"


Package fontspec Info: Font family 'RobotoCondensed(8)' created for font
(fontspec)             'RobotoCondensed' with options [Ligatures = TeX,Scale =
(fontspec)             1,Extension = .otf,Numbers =
(fontspec)             {Monospaced,OldStyle},UprightFont =
(fontspec)             *-Regular,ItalicFont = *-Italic,BoldFont =
(fontspec)             *-Bold,BoldItalicFont = *-BoldItalic].
(fontspec)              
(fontspec)              This font family consists of the following NFSS
(fontspec)             series/shapes:
(fontspec)              
(fontspec)             - 'normal' (m/n) with NFSS spec.:
(fontspec)             <->s*[1]"[RobotoCondensed-Regular.otf]/OT:script=latn;language=dflt;+tnum;+onum;mapping=tex-text;"
(fontspec)             - 'small caps'  (m/sc) with NFSS spec.:
(fontspec)             <->s*[1]"[RobotoCondensed-Regular.otf]/OT:script=latn;language=dflt;+tnum;+onum;+smcp;mapping=tex-text;"
(fontspec)             - 'bold' (b/n) with NFSS spec.:
(fontspec)             <->s*[1]"[RobotoCondensed-Bold.otf]/OT:script=latn;language=dflt;+tnum;+onum;mapping=tex-text;"
(fontspec)             - 'bold small caps'  (b/sc) with NFSS spec.:
(fontspec)             <->s*[1]"[RobotoCondensed-Bold.otf]/OT:script=latn;language=dflt;+tnum;+onum;+smcp;mapping=tex-text;"
(fontspec)             - 'italic' (m/it) with NFSS spec.:
(fontspec)             <->s*[1]"[RobotoCondensed-Italic.otf]/OT:script=latn;language=dflt;+tnum;+onum;mapping=tex-text;"
(fontspec)             - 'italic small caps'  (m/scit) with NFSS spec.:
(fontspec)             <->s*[1]"[RobotoCondensed-Italic.otf]/OT:script=latn;language=dflt;+tnum;+onum;+smcp;mapping=tex-text;"
(fontspec)             - 'bold italic' (b/it) with NFSS spec.:
(fontspec)             <->s*[1]"[RobotoCondensed-BoldItalic.otf]/OT:script=latn;language=dflt;+tnum;+onum;mapping=tex-text;"
(fontspec)             - 'bold italic small caps'  (b/scit) with NFSS spec.:
(fontspec)             <->s*[1]"[RobotoCondensed-BoldItalic.otf]/OT:script=latn;language=dflt;+tnum;+onum;+smcp;mapping=tex-text;"

)
Package hyperref Info: Option `colorlinks' set `true' on input line 128.
(/Users/AIN8/Library/TinyTeX/texmf-dist/tex/latex/float/float.sty
Package: float 2001/11/08 v1.3d Float enhancements (AL)
\c@float@type=\count331
\float@exts=\toks31
\float@box=\box116
\@float@everytoks=\toks32
\@floatcapt=\box117
) (/Users/AIN8/Library/TinyTeX/texmf-dist/tex/latex/multirow/multirow.sty
Package: multirow 2021/03/15 v2.8 Span multiple rows of a table
\multirow@colwidth=\skip105
\multirow@cntb=\count332
\multirow@dima=\skip106
\bigstrutjot=\dimen260
) (/Users/AIN8/Library/TinyTeX/texmf-dist/tex/latex/tcolorbox/tcolorbox.sty
Package: tcolorbox 2021/06/14 version 4.51 text color boxes
(/Users/AIN8/Library/TinyTeX/texmf-dist/tex/latex/pgf/basiclayer/pgf.sty (/Users/AIN8/Library/TinyTeX/texmf-dist/tex/latex/pgf/utilities/pgfrcs.sty (/Users/AIN8/Library/TinyTeX/texmf-dist/tex/generic/pgf/utilities/pgfutil-common.tex
\pgfutil@everybye=\toks33
\pgfutil@tempdima=\dimen261
\pgfutil@tempdimb=\dimen262
(/Users/AIN8/Library/TinyTeX/texmf-dist/tex/generic/pgf/utilities/pgfutil-common-lists.tex)) (/Users/AIN8/Library/TinyTeX/texmf-dist/tex/generic/pgf/utilities/pgfutil-latex.def
\pgfutil@abb=\box118
) (/Users/AIN8/Library/TinyTeX/texmf-dist/tex/generic/pgf/utilities/pgfrcs.code.tex (/Users/AIN8/Library/TinyTeX/texmf-dist/tex/generic/pgf/pgf.revision.tex)
Package: pgfrcs 2021/05/15 v3.1.9a (3.1.9a)
))
Package: pgf 2021/05/15 v3.1.9a (3.1.9a)
(/Users/AIN8/Library/TinyTeX/texmf-dist/tex/latex/pgf/basiclayer/pgfcore.sty (/Users/AIN8/Library/TinyTeX/texmf-dist/tex/latex/pgf/systemlayer/pgfsys.sty (/Users/AIN8/Library/TinyTeX/texmf-dist/tex/generic/pgf/systemlayer/pgfsys.code.tex
Package: pgfsys 2021/05/15 v3.1.9a (3.1.9a)
(/Users/AIN8/Library/TinyTeX/texmf-dist/tex/generic/pgf/utilities/pgfkeys.code.tex
\pgfkeys@pathtoks=\toks34
\pgfkeys@temptoks=\toks35
(/Users/AIN8/Library/TinyTeX/texmf-dist/tex/generic/pgf/utilities/pgfkeysfiltered.code.tex
\pgfkeys@tmptoks=\toks36
))
\pgf@x=\dimen263
\pgf@y=\dimen264
\pgf@xa=\dimen265
\pgf@ya=\dimen266
\pgf@xb=\dimen267
\pgf@yb=\dimen268
\pgf@xc=\dimen269
\pgf@yc=\dimen270
\pgf@xd=\dimen271
\pgf@yd=\dimen272
\w@pgf@writea=\write4
\r@pgf@reada=\read3
\c@pgf@counta=\count333
\c@pgf@countb=\count334
\c@pgf@countc=\count335
\c@pgf@countd=\count336
\t@pgf@toka=\toks37
\t@pgf@tokb=\toks38
\t@pgf@tokc=\toks39
\pgf@sys@id@count=\count337
(/Users/AIN8/Library/TinyTeX/texmf-dist/tex/generic/pgf/systemlayer/pgf.cfg
File: pgf.cfg 2021/05/15 v3.1.9a (3.1.9a)
)
Driver file for pgf: pgfsys-xetex.def
(/Users/AIN8/Library/TinyTeX/texmf-dist/tex/generic/pgf/systemlayer/pgfsys-xetex.def
File: pgfsys-xetex.def 2021/05/15 v3.1.9a (3.1.9a)
(/Users/AIN8/Library/TinyTeX/texmf-dist/tex/generic/pgf/systemlayer/pgfsys-dvipdfmx.def
File: pgfsys-dvipdfmx.def 2021/05/15 v3.1.9a (3.1.9a)
(/Users/AIN8/Library/TinyTeX/texmf-dist/tex/generic/pgf/systemlayer/pgfsys-common-pdf.def
File: pgfsys-common-pdf.def 2021/05/15 v3.1.9a (3.1.9a)
)
\pgfsys@objnum=\count338
))) (/Users/AIN8/Library/TinyTeX/texmf-dist/tex/generic/pgf/systemlayer/pgfsyssoftpath.code.tex
File: pgfsyssoftpath.code.tex 2021/05/15 v3.1.9a (3.1.9a)
\pgfsyssoftpath@smallbuffer@items=\count339
\pgfsyssoftpath@bigbuffer@items=\count340
) (/Users/AIN8/Library/TinyTeX/texmf-dist/tex/generic/pgf/systemlayer/pgfsysprotocol.code.tex
File: pgfsysprotocol.code.tex 2021/05/15 v3.1.9a (3.1.9a)
)) (/Users/AIN8/Library/TinyTeX/texmf-dist/tex/generic/pgf/basiclayer/pgfcore.code.tex
Package: pgfcore 2021/05/15 v3.1.9a (3.1.9a)
(/Users/AIN8/Library/TinyTeX/texmf-dist/tex/generic/pgf/math/pgfmath.code.tex (/Users/AIN8/Library/TinyTeX/texmf-dist/tex/generic/pgf/math/pgfmathcalc.code.tex (/Users/AIN8/Library/TinyTeX/texmf-dist/tex/generic/pgf/math/pgfmathutil.code.tex) (/Users/AIN8/Library/TinyTeX/texmf-dist/tex/generic/pgf/math/pgfmathparser.code.tex
\pgfmath@dimen=\dimen273
\pgfmath@count=\count341
\pgfmath@box=\box119
\pgfmath@toks=\toks40
\pgfmath@stack@operand=\toks41
\pgfmath@stack@operation=\toks42
) (/Users/AIN8/Library/TinyTeX/texmf-dist/tex/generic/pgf/math/pgfmathfunctions.code.tex (/Users/AIN8/Library/TinyTeX/texmf-dist/tex/generic/pgf/math/pgfmathfunctions.basic.code.tex) (/Users/AIN8/Library/TinyTeX/texmf-dist/tex/generic/pgf/math/pgfmathfunctions.trigonometric.code.tex) (/Users/AIN8/Library/TinyTeX/texmf-dist/tex/generic/pgf/math/pgfmathfunctions.random.code.tex) (/Users/AIN8/Library/TinyTeX/texmf-dist/tex/generic/pgf/math/pgfmathfunctions.comparison.code.tex) (/Users/AIN8/Library/TinyTeX/texmf-dist/tex/generic/pgf/math/pgfmathfunctions.base.code.tex) (/Users/AIN8/Library/TinyTeX/texmf-dist/tex/generic/pgf/math/pgfmathfunctions.round.code.tex) (/Users/AIN8/Library/TinyTeX/texmf-dist/tex/generic/pgf/math/pgfmathfunctions.misc.code.tex) (/Users/AIN8/Library/TinyTeX/texmf-dist/tex/generic/pgf/math/pgfmathfunctions.integerarithmetics.code.tex))) (/Users/AIN8/Library/TinyTeX/texmf-dist/tex/generic/pgf/math/pgfmathfloat.code.tex
\c@pgfmathroundto@lastzeros=\count342
)) (/Users/AIN8/Library/TinyTeX/texmf-dist/tex/generic/pgf/math/pgfint.code.tex) (/Users/AIN8/Library/TinyTeX/texmf-dist/tex/generic/pgf/basiclayer/pgfcorepoints.code.tex
File: pgfcorepoints.code.tex 2021/05/15 v3.1.9a (3.1.9a)
\pgf@picminx=\dimen274
\pgf@picmaxx=\dimen275
\pgf@picminy=\dimen276
\pgf@picmaxy=\dimen277
\pgf@pathminx=\dimen278
\pgf@pathmaxx=\dimen279
\pgf@pathminy=\dimen280
\pgf@pathmaxy=\dimen281
\pgf@xx=\dimen282
\pgf@xy=\dimen283
\pgf@yx=\dimen284
\pgf@yy=\dimen285
\pgf@zx=\dimen286
\pgf@zy=\dimen287
) (/Users/AIN8/Library/TinyTeX/texmf-dist/tex/generic/pgf/basiclayer/pgfcorepathconstruct.code.tex
File: pgfcorepathconstruct.code.tex 2021/05/15 v3.1.9a (3.1.9a)
\pgf@path@lastx=\dimen288
\pgf@path@lasty=\dimen289
) (/Users/AIN8/Library/TinyTeX/texmf-dist/tex/generic/pgf/basiclayer/pgfcorepathusage.code.tex
File: pgfcorepathusage.code.tex 2021/05/15 v3.1.9a (3.1.9a)
\pgf@shorten@end@additional=\dimen290
\pgf@shorten@start@additional=\dimen291
) (/Users/AIN8/Library/TinyTeX/texmf-dist/tex/generic/pgf/basiclayer/pgfcorescopes.code.tex
File: pgfcorescopes.code.tex 2021/05/15 v3.1.9a (3.1.9a)
\pgfpic=\box120
\pgf@hbox=\box121
\pgf@layerbox@main=\box122
\pgf@picture@serial@count=\count343
) (/Users/AIN8/Library/TinyTeX/texmf-dist/tex/generic/pgf/basiclayer/pgfcoregraphicstate.code.tex
File: pgfcoregraphicstate.code.tex 2021/05/15 v3.1.9a (3.1.9a)
\pgflinewidth=\dimen292
) (/Users/AIN8/Library/TinyTeX/texmf-dist/tex/generic/pgf/basiclayer/pgfcoretransformations.code.tex
File: pgfcoretransformations.code.tex 2021/05/15 v3.1.9a (3.1.9a)
\pgf@pt@x=\dimen293
\pgf@pt@y=\dimen294
\pgf@pt@temp=\dimen295
) (/Users/AIN8/Library/TinyTeX/texmf-dist/tex/generic/pgf/basiclayer/pgfcorequick.code.tex
File: pgfcorequick.code.tex 2021/05/15 v3.1.9a (3.1.9a)
) (/Users/AIN8/Library/TinyTeX/texmf-dist/tex/generic/pgf/basiclayer/pgfcoreobjects.code.tex
File: pgfcoreobjects.code.tex 2021/05/15 v3.1.9a (3.1.9a)
) (/Users/AIN8/Library/TinyTeX/texmf-dist/tex/generic/pgf/basiclayer/pgfcorepathprocessing.code.tex
File: pgfcorepathprocessing.code.tex 2021/05/15 v3.1.9a (3.1.9a)
) (/Users/AIN8/Library/TinyTeX/texmf-dist/tex/generic/pgf/basiclayer/pgfcorearrows.code.tex
File: pgfcorearrows.code.tex 2021/05/15 v3.1.9a (3.1.9a)
\pgfarrowsep=\dimen296
) (/Users/AIN8/Library/TinyTeX/texmf-dist/tex/generic/pgf/basiclayer/pgfcoreshade.code.tex
File: pgfcoreshade.code.tex 2021/05/15 v3.1.9a (3.1.9a)
\pgf@max=\dimen297
\pgf@sys@shading@range@num=\count344
\pgf@shadingcount=\count345
) (/Users/AIN8/Library/TinyTeX/texmf-dist/tex/generic/pgf/basiclayer/pgfcoreimage.code.tex
File: pgfcoreimage.code.tex 2021/05/15 v3.1.9a (3.1.9a)
(/Users/AIN8/Library/TinyTeX/texmf-dist/tex/generic/pgf/basiclayer/pgfcoreexternal.code.tex
File: pgfcoreexternal.code.tex 2021/05/15 v3.1.9a (3.1.9a)
\pgfexternal@startupbox=\box123
)) (/Users/AIN8/Library/TinyTeX/texmf-dist/tex/generic/pgf/basiclayer/pgfcorelayers.code.tex
File: pgfcorelayers.code.tex 2021/05/15 v3.1.9a (3.1.9a)
) (/Users/AIN8/Library/TinyTeX/texmf-dist/tex/generic/pgf/basiclayer/pgfcoretransparency.code.tex
File: pgfcoretransparency.code.tex 2021/05/15 v3.1.9a (3.1.9a)
) (/Users/AIN8/Library/TinyTeX/texmf-dist/tex/generic/pgf/basiclayer/pgfcorepatterns.code.tex
File: pgfcorepatterns.code.tex 2021/05/15 v3.1.9a (3.1.9a)
) (/Users/AIN8/Library/TinyTeX/texmf-dist/tex/generic/pgf/basiclayer/pgfcorerdf.code.tex
File: pgfcorerdf.code.tex 2021/05/15 v3.1.9a (3.1.9a)
))) (/Users/AIN8/Library/TinyTeX/texmf-dist/tex/generic/pgf/modules/pgfmoduleshapes.code.tex
File: pgfmoduleshapes.code.tex 2021/05/15 v3.1.9a (3.1.9a)
\pgfnodeparttextbox=\box124
) (/Users/AIN8/Library/TinyTeX/texmf-dist/tex/generic/pgf/modules/pgfmoduleplot.code.tex
File: pgfmoduleplot.code.tex 2021/05/15 v3.1.9a (3.1.9a)
) (/Users/AIN8/Library/TinyTeX/texmf-dist/tex/latex/pgf/compatibility/pgfcomp-version-0-65.sty
Package: pgfcomp-version-0-65 2021/05/15 v3.1.9a (3.1.9a)
\pgf@nodesepstart=\dimen298
\pgf@nodesepend=\dimen299
) (/Users/AIN8/Library/TinyTeX/texmf-dist/tex/latex/pgf/compatibility/pgfcomp-version-1-18.sty
Package: pgfcomp-version-1-18 2021/05/15 v3.1.9a (3.1.9a)
)) (/Users/AIN8/Library/TinyTeX/texmf-dist/tex/latex/tools/verbatim.sty
Package: verbatim 2020-07-07 v1.5u LaTeX2e package for verbatim enhancements
\every@verbatim=\toks43
\verbatim@line=\toks44
\verbatim@in@stream=\read4
) (/Users/AIN8/Library/TinyTeX/texmf-dist/tex/latex/environ/environ.sty
Package: environ 2014/05/04 v0.3 A new way to define environments
(/Users/AIN8/Library/TinyTeX/texmf-dist/tex/latex/trimspaces/trimspaces.sty
Package: trimspaces 2009/09/17 v1.1 Trim spaces around a token list
)) (/Users/AIN8/Library/TinyTeX/texmf-dist/tex/latex/etoolbox/etoolbox.sty
Package: etoolbox 2020/10/05 v2.5k e-TeX tools for LaTeX (JAW)
\etb@tempcnta=\count346
)
\tcb@titlebox=\box125
\tcb@upperbox=\box126
\tcb@lowerbox=\box127
\tcb@phantombox=\box128
\c@tcbbreakpart=\count347
\c@tcblayer=\count348
\c@tcolorbox@number=\count349
\tcb@temp=\box129
\tcb@temp=\box130
\tcb@temp=\box131
\tcb@temp=\box132
) (/Users/AIN8/Library/TinyTeX/texmf-dist/tex/latex/tcolorbox/tcbskins.code.tex
Library (tcolorbox): 'tcbskins.code.tex' version '4.51'
(/Users/AIN8/Library/TinyTeX/texmf-dist/tex/latex/pgf/frontendlayer/tikz.sty (/Users/AIN8/Library/TinyTeX/texmf-dist/tex/latex/pgf/utilities/pgffor.sty (/Users/AIN8/Library/TinyTeX/texmf-dist/tex/latex/pgf/utilities/pgfkeys.sty (/Users/AIN8/Library/TinyTeX/texmf-dist/tex/generic/pgf/utilities/pgfkeys.code.tex)) (/Users/AIN8/Library/TinyTeX/texmf-dist/tex/latex/pgf/math/pgfmath.sty (/Users/AIN8/Library/TinyTeX/texmf-dist/tex/generic/pgf/math/pgfmath.code.tex)) (/Users/AIN8/Library/TinyTeX/texmf-dist/tex/generic/pgf/utilities/pgffor.code.tex
Package: pgffor 2021/05/15 v3.1.9a (3.1.9a)
(/Users/AIN8/Library/TinyTeX/texmf-dist/tex/generic/pgf/math/pgfmath.code.tex)
\pgffor@iter=\dimen300
\pgffor@skip=\dimen301
\pgffor@stack=\toks45
\pgffor@toks=\toks46
)) (/Users/AIN8/Library/TinyTeX/texmf-dist/tex/generic/pgf/frontendlayer/tikz/tikz.code.tex
Package: tikz 2021/05/15 v3.1.9a (3.1.9a)
(/Users/AIN8/Library/TinyTeX/texmf-dist/tex/generic/pgf/libraries/pgflibraryplothandlers.code.tex
File: pgflibraryplothandlers.code.tex 2021/05/15 v3.1.9a (3.1.9a)
\pgf@plot@mark@count=\count350
\pgfplotmarksize=\dimen302
)
\tikz@lastx=\dimen303
\tikz@lasty=\dimen304
\tikz@lastxsaved=\dimen305
\tikz@lastysaved=\dimen306
\tikz@lastmovetox=\dimen307
\tikz@lastmovetoy=\dimen308
\tikzleveldistance=\dimen309
\tikzsiblingdistance=\dimen310
\tikz@figbox=\box133
\tikz@figbox@bg=\box134
\tikz@tempbox=\box135
\tikz@tempbox@bg=\box136
\tikztreelevel=\count351
\tikznumberofchildren=\count352
\tikznumberofcurrentchild=\count353
\tikz@fig@count=\count354
(/Users/AIN8/Library/TinyTeX/texmf-dist/tex/generic/pgf/modules/pgfmodulematrix.code.tex
File: pgfmodulematrix.code.tex 2021/05/15 v3.1.9a (3.1.9a)
\pgfmatrixcurrentrow=\count355
\pgfmatrixcurrentcolumn=\count356
\pgf@matrix@numberofcolumns=\count357
)
\tikz@expandcount=\count358
(/Users/AIN8/Library/TinyTeX/texmf-dist/tex/generic/pgf/frontendlayer/tikz/libraries/tikzlibrarytopaths.code.tex
File: tikzlibrarytopaths.code.tex 2021/05/15 v3.1.9a (3.1.9a)
)))
\tcb@waterbox=\box137
(/Users/AIN8/Library/TinyTeX/texmf-dist/tex/latex/tcolorbox/tcbskinsjigsaw.code.tex
Library (tcolorbox): 'tcbskinsjigsaw.code.tex' version '4.51'
)) (/Users/AIN8/Library/TinyTeX/texmf-dist/tex/latex/eqnarray/eqnarray.sty
equationarray 1.3 <December 1, 2010>
Package: eqnarray 
(/Users/AIN8/Library/TinyTeX/texmf-dist/tex/latex/tools/array.sty
Package: array 2021/10/04 v2.5f Tabular extension package (FMi)
\col@sep=\dimen311
\ar@mcellbox=\box138
\extrarowheight=\dimen312
\NC@list=\toks47
\extratabsurround=\skip107
\backup@length=\skip108
\ar@cellbox=\box139
)
\@eqargcnt=\count359
) (/Users/AIN8/Library/TinyTeX/texmf-dist/tex/latex/l3packages/xfrac/xfrac.sty (/Users/AIN8/Library/TinyTeX/texmf-dist/tex/latex/l3packages/l3keys2e/l3keys2e.sty
Package: l3keys2e 2021-11-12 LaTeX2e option processing using LaTeX3 keys
) (/Users/AIN8/Library/TinyTeX/texmf-dist/tex/latex/l3packages/xtemplate/xtemplate.sty
Package: xtemplate 2021-11-12 L3 Experimental prototype document functions
\l__xtemplate_tmp_dim=\dimen313
\l__xtemplate_tmp_int=\count360
\l__xtemplate_tmp_muskip=\muskip18
\l__xtemplate_tmp_skip=\skip109
)
Package: xfrac 2021-11-12 L3 Experimental split-level fractions
\l__xfrac_slash_box=\box140
\l__xfrac_tmp_box=\box141
\l__xfrac_denominator_bot_sep_dim=\dimen314
\l__xfrac_numerator_bot_sep_dim=\dimen315
\l__xfrac_numerator_top_sep_dim=\dimen316
\l__xfrac_slash_left_sep_dim=\dimen317
\l__xfrac_slash_right_sep_dim=\dimen318
\l__xfrac_slash_left_muskip=\muskip19
\l__xfrac_slash_right_muskip=\muskip20

Package xtemplate Info: Declaring object type 'xfrac' taking 3 argument(s) on
(xtemplate)             line 80.

)
LaTeX Font Info:    Font shape `TU/RobotoCondensed(0)/m/n' will be
(Font)              scaled to size 10.0pt on input line 365.
Requested font "[RobotoCondensed-Regular.otf]/OT:script=latn;language=dflt;+pnum;+lnum;mapping=tex-text;" at 10.0pt
 -> /Users/AIN8/Library/TinyTeX/texmf-dist/fonts/opentype/google/roboto/RobotoCondensed-Regular.otf
(./CausalInference.aux)
\openout1 = `CausalInference.aux'.

LaTeX Font Info:    Checking defaults for OML/cmm/m/it on input line 365.
LaTeX Font Info:    ... okay on input line 365.
LaTeX Font Info:    Checking defaults for OMS/cmsy/m/n on input line 365.
LaTeX Font Info:    ... okay on input line 365.
LaTeX Font Info:    Checking defaults for OT1/cmr/m/n on input line 365.
LaTeX Font Info:    ... okay on input line 365.
LaTeX Font Info:    Checking defaults for T1/cmr/m/n on input line 365.
LaTeX Font Info:    ... okay on input line 365.
LaTeX Font Info:    Checking defaults for TS1/cmr/m/n on input line 365.
LaTeX Font Info:    Trying to load font information for TS1+cmr on input line 365.
(/Users/AIN8/Library/TinyTeX/texmf-dist/tex/latex/base/ts1cmr.fd
File: ts1cmr.fd 2019/12/16 v2.5j Standard LaTeX font definitions
)
LaTeX Font Info:    ... okay on input line 365.
LaTeX Font Info:    Checking defaults for TU/lmr/m/n on input line 365.
LaTeX Font Info:    ... okay on input line 365.
LaTeX Font Info:    Checking defaults for OMX/cmex/m/n on input line 365.
LaTeX Font Info:    ... okay on input line 365.
LaTeX Font Info:    Checking defaults for U/cmr/m/n on input line 365.
LaTeX Font Info:    ... okay on input line 365.
LaTeX Font Info:    Checking defaults for PD1/pdf/m/n on input line 365.
LaTeX Font Info:    ... okay on input line 365.
LaTeX Font Info:    Checking defaults for PU/pdf/m/n on input line 365.
LaTeX Font Info:    ... okay on input line 365.

Package fontspec Info: Adjusting the maths setup (use [no-math] to avoid
(fontspec)             this).

\symlegacymaths=\mathgroup6
LaTeX Font Info:    Overwriting symbol font `legacymaths' in version `bold'
(Font)                  OT1/cmr/m/n --> OT1/cmr/bx/n on input line 365.
LaTeX Font Info:    Redeclaring math accent \acute on input line 365.
LaTeX Font Info:    Redeclaring math accent \grave on input line 365.
LaTeX Font Info:    Redeclaring math accent \ddot on input line 365.
LaTeX Font Info:    Redeclaring math accent \tilde on input line 365.
LaTeX Font Info:    Redeclaring math accent \bar on input line 365.
LaTeX Font Info:    Redeclaring math accent \breve on input line 365.
LaTeX Font Info:    Redeclaring math accent \check on input line 365.
LaTeX Font Info:    Redeclaring math accent \hat on input line 365.
LaTeX Font Info:    Redeclaring math accent \dot on input line 365.
LaTeX Font Info:    Redeclaring math accent \mathring on input line 365.
LaTeX Font Info:    Redeclaring math symbol \Gamma on input line 365.
LaTeX Font Info:    Redeclaring math symbol \Delta on input line 365.
LaTeX Font Info:    Redeclaring math symbol \Theta on input line 365.
LaTeX Font Info:    Redeclaring math symbol \Lambda on input line 365.
LaTeX Font Info:    Redeclaring math symbol \Xi on input line 365.
LaTeX Font Info:    Redeclaring math symbol \Pi on input line 365.
LaTeX Font Info:    Redeclaring math symbol \Sigma on input line 365.
LaTeX Font Info:    Redeclaring math symbol \Upsilon on input line 365.
LaTeX Font Info:    Redeclaring math symbol \Phi on input line 365.
LaTeX Font Info:    Redeclaring math symbol \Psi on input line 365.
LaTeX Font Info:    Redeclaring math symbol \Omega on input line 365.
LaTeX Font Info:    Redeclaring math symbol \mathdollar on input line 365.
LaTeX Font Info:    Redeclaring symbol font `operators' on input line 365.
LaTeX Font Info:    Encoding `OT1' has changed to `TU' for symbol font
(Font)              `operators' in the math version `normal' on input line 365.
LaTeX Font Info:    Overwriting symbol font `operators' in version `normal'
(Font)                  OT1/cmr/m/n --> TU/lmr/m/n on input line 365.
LaTeX Font Info:    Encoding `OT1' has changed to `TU' for symbol font
(Font)              `operators' in the math version `bold' on input line 365.
LaTeX Font Info:    Overwriting symbol font `operators' in version `bold'
(Font)                  OT1/cmr/bx/n --> TU/lmr/m/n on input line 365.
LaTeX Font Info:    Overwriting symbol font `operators' in version `normal'
(Font)                  TU/lmr/m/n --> TU/lmr/m/n on input line 365.
LaTeX Font Info:    Overwriting math alphabet `\mathit' in version `normal'
(Font)                  OT1/cmr/m/it --> TU/lmr/m/it on input line 365.
LaTeX Font Info:    Overwriting math alphabet `\mathbf' in version `normal'
(Font)                  OT1/cmr/bx/n --> TU/lmr/b/n on input line 365.
LaTeX Font Info:    Overwriting math alphabet `\mathsf' in version `normal'
(Font)                  OT1/cmss/m/n --> TU/RobotoCondensed(0)/m/n on input line 365.
LaTeX Font Info:    Overwriting math alphabet `\mathtt' in version `normal'
(Font)                  OT1/cmtt/m/n --> TU/lmtt/m/n on input line 365.
LaTeX Font Info:    Overwriting symbol font `operators' in version `bold'
(Font)                  TU/lmr/m/n --> TU/lmr/b/n on input line 365.
LaTeX Font Info:    Overwriting math alphabet `\mathit' in version `bold'
(Font)                  OT1/cmr/bx/it --> TU/lmr/b/it on input line 365.
LaTeX Font Info:    Overwriting math alphabet `\mathsf' in version `bold'
(Font)                  OT1/cmss/bx/n --> TU/RobotoCondensed(0)/b/n on input line 365.
LaTeX Font Info:    Overwriting math alphabet `\mathtt' in version `bold'
(Font)                  OT1/cmtt/m/n --> TU/lmtt/b/n on input line 365.
Package hyperref Info: Link coloring ON on input line 365.
(/Users/AIN8/Library/TinyTeX/texmf-dist/tex/latex/hyperref/nameref.sty
Package: nameref 2021-04-02 v2.47 Cross-referencing by name of section
(/Users/AIN8/Library/TinyTeX/texmf-dist/tex/latex/refcount/refcount.sty
Package: refcount 2019/12/15 v3.6 Data extraction from label references (HO)
) (/Users/AIN8/Library/TinyTeX/texmf-dist/tex/generic/gettitlestring/gettitlestring.sty
Package: gettitlestring 2019/12/15 v1.6 Cleanup title references (HO)
)
\c@section@level=\count361
)
LaTeX Info: Redefining \ref on input line 365.
LaTeX Info: Redefining \pageref on input line 365.
LaTeX Info: Redefining \nameref on input line 365.
(./CausalInference.out) (./CausalInference.out)
\@outlinefile=\write5
\openout5 = `CausalInference.out'.

*geometry* driver: auto-detecting
*geometry* detected driver: xetex
*geometry* verbose mode - [ preamble ] result:
* driver: xetex
* paper: letterpaper
* layout: <same size as paper>
* layoutoffset:(h,v)=(0.0pt,0.0pt)
* modes: twoside asymmetric 
* h-part:(L,W,R)=(72.26999pt, 312.0pt, 230.02501pt)
* v-part:(T,H,B)=(72.26999pt, 616.0pt, 106.7pt)
* \paperwidth=614.295pt
* \paperheight=794.96999pt
* \textwidth=312.0pt
* \textheight=616.0pt
* \oddsidemargin=0.0pt
* \evensidemargin=0.0pt
* \topmargin=-42.0pt
* \headheight=14.0pt
* \headsep=28.0pt
* \topskip=10.0pt
* \footskip=30.0pt
* \marginparwidth=144.0pt
* \marginparsep=24.0pt
* \columnsep=10.0pt
* \skip\footins=9.0pt plus 4.0pt minus 2.0pt
* \hoffset=0.0pt
* \voffset=0.0pt
* \mag=1000
* \@twocolumnfalse
* \@twosidetrue
* \@mparswitchfalse
* \@reversemarginfalse
* (1in=72.27pt=25.4mm, 1cm=28.453pt)

\langwohyphens=\language3
LaTeX Font Info:    Font shape `TU/RobotoCondensed(0)/b/n' will be
(Font)              scaled to size 10.0pt on input line 367.
Requested font "[RobotoCondensed-Bold.otf]/OT:script=latn;language=dflt;+pnum;+lnum;mapping=tex-text;" at 10.0pt
 -> /Users/AIN8/Library/TinyTeX/texmf-dist/fonts/opentype/google/roboto/RobotoCondensed-Bold.otf
LaTeX Font Info:    Font shape `TU/RobotoCondensed(0)/b/n' will be
(Font)              scaled to size 14.4pt on input line 367.
Requested font "[RobotoCondensed-Bold.otf]/OT:script=latn;language=dflt;+pnum;+lnum;mapping=tex-text;" at 14.4pt
 -> /Users/AIN8/Library/TinyTeX/texmf-dist/fonts/opentype/google/roboto/RobotoCondensed-Bold.otf

LaTeX Font Warning: Font shape `TU/RobotoCondensed(0)/l/n' undefined
(Font)              using `TU/RobotoCondensed(0)/m/n' instead on input line 367.

LaTeX Font Info:    Font shape `TU/RobotoCondensed(0)/m/n' will be
(Font)              scaled to size 12.0pt on input line 367.
Requested font "[RobotoCondensed-Regular.otf]/OT:script=latn;language=dflt;+pnum;+lnum;mapping=tex-text;" at 12.0pt
 -> /Users/AIN8/Library/TinyTeX/texmf-dist/fonts/opentype/google/roboto/RobotoCondensed-Regular.otf

LaTeX Font Warning: Font shape `TU/RobotoCondensed(0)/l/n' undefined
(Font)              using `TU/RobotoCondensed(0)/m/n' instead on input line 367.

LaTeX Font Info:    Font shape `TU/RobotoCondensed(0)/b/n' will be
(Font)              scaled to size 12.0pt on input line 374.
Requested font "[RobotoCondensed-Bold.otf]/OT:script=latn;language=dflt;+pnum;+lnum;mapping=tex-text;" at 12.0pt
 -> /Users/AIN8/Library/TinyTeX/texmf-dist/fonts/opentype/google/roboto/RobotoCondensed-Bold.otf
(./CausalInference.toc)
\tf@toc=\write6
\openout6 = `CausalInference.toc'.

[1

]

Class tufte-handout Warning: Proper spacing of small-caps letters has not been set up.
This message occurred on input line 389.

[2]
Requested font "[lmroman7-regular]:mapping=tex-text;" at 7.0pt
 -> /Users/AIN8/Library/TinyTeX/texmf-dist/fonts/opentype/public/lm/lmroman7-regular.otf
Requested font "[lmroman5-regular]:mapping=tex-text;" at 5.0pt
 -> /Users/AIN8/Library/TinyTeX/texmf-dist/fonts/opentype/public/lm/lmroman5-regular.otf
Requested font "cmex7" at 7.0pt
 -> /Users/AIN8/Library/TinyTeX/texmf-dist/fonts/tfm/public/amsfonts/cmextra/cmex7.tfm
Requested font "cmex7" at 5.0pt
 -> /Users/AIN8/Library/TinyTeX/texmf-dist/fonts/tfm/public/amsfonts/cmextra/cmex7.tfm
LaTeX Font Info:    Trying to load font information for U+msa on input line 393.
(/Users/AIN8/Library/TinyTeX/texmf-dist/tex/latex/amsfonts/umsa.fd
File: umsa.fd 2013/01/14 v3.01 AMS symbols A
)
Requested font "msam10" at 10.0pt
 -> /Users/AIN8/Library/TinyTeX/texmf-dist/fonts/tfm/public/amsfonts/symbols/msam10.tfm
Requested font "msam7" at 7.0pt
 -> /Users/AIN8/Library/TinyTeX/texmf-dist/fonts/tfm/public/amsfonts/symbols/msam7.tfm
Requested font "msam5" at 5.0pt
 -> /Users/AIN8/Library/TinyTeX/texmf-dist/fonts/tfm/public/amsfonts/symbols/msam5.tfm
LaTeX Font Info:    Trying to load font information for U+msb on input line 393.
(/Users/AIN8/Library/TinyTeX/texmf-dist/tex/latex/amsfonts/umsb.fd
File: umsb.fd 2013/01/14 v3.01 AMS symbols B
)
Requested font "msbm10" at 10.0pt
 -> /Users/AIN8/Library/TinyTeX/texmf-dist/fonts/tfm/public/amsfonts/symbols/msbm10.tfm
Requested font "msbm7" at 7.0pt
 -> /Users/AIN8/Library/TinyTeX/texmf-dist/fonts/tfm/public/amsfonts/symbols/msbm7.tfm
Requested font "msbm5" at 5.0pt
 -> /Users/AIN8/Library/TinyTeX/texmf-dist/fonts/tfm/public/amsfonts/symbols/msbm5.tfm

Class tufte-handout Warning: Proper spacing of small-caps letters has not been set up.
This message occurred on input line 412.

[3]
LaTeX Font Info:    Font shape `TU/RobotoCondensed(0)/m/it' will be
(Font)              scaled to size 10.0pt on input line 423.
Requested font "[RobotoCondensed-Italic.otf]/OT:script=latn;language=dflt;+pnum;+lnum;mapping=tex-text;" at 10.0pt
 -> /Users/AIN8/Library/TinyTeX/texmf-dist/fonts/opentype/google/roboto/RobotoCondensed-Italic.otf
LaTeX Font Info:    Font shape `TU/RobotoCondensed(0)/m/n' will be
(Font)              scaled to size 7.0pt on input line 423.
Requested font "[RobotoCondensed-Regular.otf]/OT:script=latn;language=dflt;+pnum;+lnum;mapping=tex-text;" at 7.0pt
 -> /Users/AIN8/Library/TinyTeX/texmf-dist/fonts/opentype/google/roboto/RobotoCondensed-Regular.otf
LaTeX Font Info:    Font shape `TU/RobotoCondensed(0)/m/n' will be
(Font)              scaled to size 8.0pt on input line 425.
Requested font "[RobotoCondensed-Regular.otf]/OT:script=latn;language=dflt;+pnum;+lnum;mapping=tex-text;" at 8.0pt
 -> /Users/AIN8/Library/TinyTeX/texmf-dist/fonts/opentype/google/roboto/RobotoCondensed-Regular.otf
Requested font "[lmroman8-regular]:mapping=tex-text;" at 8.0pt
 -> /Users/AIN8/Library/TinyTeX/texmf-dist/fonts/opentype/public/lm/lmroman8-regular.otf
Requested font "[lmroman6-regular]:mapping=tex-text;" at 6.0pt
 -> /Users/AIN8/Library/TinyTeX/texmf-dist/fonts/opentype/public/lm/lmroman6-regular.otf
Requested font "cmmi8" at 8.0pt
 -> /Users/AIN8/Library/TinyTeX/texmf-dist/fonts/tfm/public/cm/cmmi8.tfm
Requested font "cmmi6" at 6.0pt
 -> /Users/AIN8/Library/TinyTeX/texmf-dist/fonts/tfm/public/cm/cmmi6.tfm
Requested font "cmsy8" at 8.0pt
 -> /Users/AIN8/Library/TinyTeX/texmf-dist/fonts/tfm/public/cm/cmsy8.tfm
Requested font "cmsy6" at 6.0pt
 -> /Users/AIN8/Library/TinyTeX/texmf-dist/fonts/tfm/public/cm/cmsy6.tfm
Requested font "cmex8" at 8.0pt
 -> /Users/AIN8/Library/TinyTeX/texmf-dist/fonts/tfm/public/amsfonts/cmextra/cmex8.tfm
Requested font "cmex7" at 6.0pt
 -> /Users/AIN8/Library/TinyTeX/texmf-dist/fonts/tfm/public/amsfonts/cmextra/cmex7.tfm
Requested font "msam10" at 8.0pt
 -> /Users/AIN8/Library/TinyTeX/texmf-dist/fonts/tfm/public/amsfonts/symbols/msam10.tfm
Requested font "msam7" at 6.0pt
 -> /Users/AIN8/Library/TinyTeX/texmf-dist/fonts/tfm/public/amsfonts/symbols/msam7.tfm
Requested font "msbm10" at 8.0pt
 -> /Users/AIN8/Library/TinyTeX/texmf-dist/fonts/tfm/public/amsfonts/symbols/msbm10.tfm
Requested font "msbm7" at 6.0pt
 -> /Users/AIN8/Library/TinyTeX/texmf-dist/fonts/tfm/public/amsfonts/symbols/msbm7.tfm
Requested font "cmr8" at 8.0pt
 -> /Users/AIN8/Library/TinyTeX/texmf-dist/fonts/tfm/public/cm/cmr8.tfm
Requested font "cmr6" at 6.0pt
 -> /Users/AIN8/Library/TinyTeX/texmf-dist/fonts/tfm/public/cm/cmr6.tfm
LaTeX Font Info:    Font shape `TU/RobotoCondensed(0)/m/n' will be
(Font)              scaled to size 6.0pt on input line 425.
Requested font "[RobotoCondensed-Regular.otf]/OT:script=latn;language=dflt;+pnum;+lnum;mapping=tex-text;" at 6.0pt
 -> /Users/AIN8/Library/TinyTeX/texmf-dist/fonts/opentype/google/roboto/RobotoCondensed-Regular.otf
LaTeX Font Info:    Font shape `TU/RobotoCondensed(0)/m/n' will be
(Font)              scaled to size 5.0pt on input line 425.
Requested font "[RobotoCondensed-Regular.otf]/OT:script=latn;language=dflt;+pnum;+lnum;mapping=tex-text;" at 5.0pt
 -> /Users/AIN8/Library/TinyTeX/texmf-dist/fonts/opentype/google/roboto/RobotoCondensed-Regular.otf

LaTeX Warning: Marginpar on page 4 moved.


LaTeX Warning: Marginpar on page 4 moved.


Class tufte-handout Warning: Proper spacing of small-caps letters has not been set up.
This message occurred on input line 428.

[4]

LaTeX Warning: Marginpar on page 5 moved.


LaTeX Warning: Marginpar on page 5 moved.


LaTeX Warning: Marginpar on page 5 moved.


LaTeX Warning: Marginpar on page 5 moved.


Class tufte-handout Warning: Proper spacing of small-caps letters has not been set up.
This message occurred on input line 445.

[5]

LaTeX Warning: Marginpar on page 6 moved.


Class tufte-handout Warning: Proper spacing of small-caps letters has not been set up.
This message occurred on input line 475.

[6]
File: ../figures/tip.png Graphic file (type bmp)
<../figures/tip.png>

Underfull \hbox (badness 10000) in paragraph at lines 479--480
[]              \TU/RobotoCondensed(0)/m/n/10 Suppose you collect data from a single person and find that they are exposed. Can you interpret the
 []


Underfull \hbox (badness 10000) in paragraph at lines 479--480
\TU/RobotoCondensed(0)/m/n/10 outcome you observe to be the potential outcome that would have been observed had they been exposed?
 []

LaTeX Font Info:    Font shape `TU/RobotoCondensed(0)/m/n' will be
(Font)              scaled to size 9.0pt on input line 491.
Requested font "[RobotoCondensed-Regular.otf]/OT:script=latn;language=dflt;+pnum;+lnum;mapping=tex-text;" at 9.0pt
 -> /Users/AIN8/Library/TinyTeX/texmf-dist/fonts/opentype/google/roboto/RobotoCondensed-Regular.otf
LaTeX Font Info:    Font shape `TU/RobotoCondensed(0)/m/sc' will be
(Font)              scaled to size 9.0pt on input line 492.
Requested font "[RobotoCondensed-Regular.otf]/OT:script=latn;language=dflt;+pnum;+lnum;+smcp;mapping=tex-text;" at 9.0pt
 -> /Users/AIN8/Library/TinyTeX/texmf-dist/fonts/opentype/google/roboto/RobotoCondensed-Regular.otf
Requested font "[lmroman9-regular]:mapping=tex-text;" at 9.0pt
 -> /Users/AIN8/Library/TinyTeX/texmf-dist/fonts/opentype/public/lm/lmroman9-regular.otf
Requested font "cmmi9" at 9.0pt
 -> /Users/AIN8/Library/TinyTeX/texmf-dist/fonts/tfm/public/cm/cmmi9.tfm
Requested font "cmsy9" at 9.0pt
 -> /Users/AIN8/Library/TinyTeX/texmf-dist/fonts/tfm/public/cm/cmsy9.tfm
Requested font "cmex9" at 9.0pt
 -> /Users/AIN8/Library/TinyTeX/texmf-dist/fonts/tfm/public/amsfonts/cmextra/cmex9.tfm
Requested font "msam10" at 9.0pt
 -> /Users/AIN8/Library/TinyTeX/texmf-dist/fonts/tfm/public/amsfonts/symbols/msam10.tfm
Requested font "msbm10" at 9.0pt
 -> /Users/AIN8/Library/TinyTeX/texmf-dist/fonts/tfm/public/amsfonts/symbols/msbm10.tfm
Requested font "cmr9" at 9.0pt
 -> /Users/AIN8/Library/TinyTeX/texmf-dist/fonts/tfm/public/cm/cmr9.tfm

LaTeX Warning: Marginpar on page 7 moved.


Class tufte-handout Warning: Proper spacing of small-caps letters has not been set up.
This message occurred on input line 502.

[7]

LaTeX Warning: Marginpar on page 8 moved.


Class tufte-handout Warning: Proper spacing of small-caps letters has not been set up.
This message occurred on input line 512.

[8]

Class tufte-handout Warning: Proper spacing of small-caps letters has not been set up.
This message occurred on input line 530.

[9]
Requested font "[lmmono10-regular]:" at 10.0pt
 -> /Users/AIN8/Library/TinyTeX/texmf-dist/fonts/opentype/public/lm/lmmono10-regular.otf
Requested font "[lmmono10-italic]:" at 10.0pt
 -> /Users/AIN8/Library/TinyTeX/texmf-dist/fonts/opentype/public/lm/lmmono10-italic.otf
LaTeX Font Info:    Font shape `TU/lmtt/bx/n' in size <10> not available
(Font)              Font shape `TU/lmtt/b/n' tried instead on input line 536.
Requested font "[lmmonolt10-bold]:" at 10.0pt
 -> /Users/AIN8/Library/TinyTeX/texmf-dist/fonts/opentype/public/lm/lmmonolt10-bold.otf

Class tufte-handout Warning: Proper spacing of small-caps letters has not been set up.
This message occurred on input line 578.

[10]

Class tufte-handout Warning: Proper spacing of small-caps letters has not been set up.
This message occurred on input line 643.

[11]

LaTeX Warning: Marginpar on page 12 moved.


LaTeX Warning: Marginpar on page 12 moved.


LaTeX Warning: Marginpar on page 12 moved.


Class tufte-handout Warning: Proper spacing of small-caps letters has not been set up.
This message occurred on input line 663.

[12]
LaTeX Font Info:    Font shape `TU/RobotoCondensed(0)/b/n' will be
(Font)              scaled to size 8.0pt on input line 664.
Requested font "[RobotoCondensed-Bold.otf]/OT:script=latn;language=dflt;+pnum;+lnum;mapping=tex-text;" at 8.0pt
 -> /Users/AIN8/Library/TinyTeX/texmf-dist/fonts/opentype/google/roboto/RobotoCondensed-Bold.otf

Overfull \hbox (71.33995pt too wide) in paragraph at lines 664--665
\TU/RobotoCondensed(0)/m/n/10 the observed outcome [^!^Hernan2005b,^!^Hernan2008a,^!^Hernan2011a,^!^VanderWeele2013b].[] 
 []


LaTeX Warning: Marginpar on page 13 moved.


LaTeX Warning: Marginpar on page 13 moved.


Class tufte-handout Warning: Proper spacing of small-caps letters has not been set up.
This message occurred on input line 678.

[13]

LaTeX Warning: Marginpar on page 14 moved.


Class tufte-handout Warning: Proper spacing of small-caps letters has not been set up.
This message occurred on input line 708.

[14]

Class tufte-handout Warning: Proper spacing of small-caps letters has not been set up.
This message occurred on input line 723.

[15]

LaTeX Warning: Marginpar on page 16 moved.


Package amsmath Warning: Foreign command \atopwithdelims;
(amsmath)                \frac or \genfrac should be used instead
(amsmath)                 on input line 742.


Class tufte-handout Warning: Proper spacing of small-caps letters has not been set up.
This message occurred on input line 745.

[16]
Overfull \hbox (57.32996pt too wide) in paragraph at lines 758--759
\TU/RobotoCondensed(0)/m/n/10 and unexposed individuals within all confounding levels [^!^Mortimer2005,^!^Westreich2010a]. 
 []


LaTeX Warning: Marginpar on page 17 moved.


LaTeX Warning: Marginpar on page 17 moved.


Class tufte-handout Warning: Proper spacing of small-caps letters has not been set up.
This message occurred on input line 764.

[17]
Overfull \hbox (11.87964pt too wide) detected at line 764
\OML/cmm/m/it/10 E\OT1/cmr/m/n/10 (\OML/cmm/m/it/10 Y[]\OT1/cmr/m/n/10 ) = \OML/cmm/m/it/10 E\OT1/cmr/m/n/10 (\OML/cmm/m/it/10 Y \OMS/cmsy/m/n/10 j \OML/cmm/m/it/10 X \OT1/cmr/m/n/10 = 1\OML/cmm/m/it/10 ; C \OT1/cmr/m/n/10 = 1)\OML/cmm/m/it/10 P\OT1/cmr/m/n/10 (\OML/cmm/m/it/10 C \OT1/cmr/m/n/10 = 1) + \OML/cmm/m/it/10 E\OT1/cmr/m/n/10 (\OML/cmm/m/it/10 Y \OMS/cmsy/m/n/10 j \OML/cmm/m/it/10 X \OT1/cmr/m/n/10 = 1\OML/cmm/m/it/10 ; C \OT1/cmr/m/n/10 = 0)\OML/cmm/m/it/10 P\OT1/cmr/m/n/10 (\OML/cmm/m/it/10 C \OT1/cmr/m/n/10 = 0)
 []


LaTeX Warning: Marginpar on page 18 moved.


Class tufte-handout Warning: Proper spacing of small-caps letters has not been set up.
This message occurred on input line 774.

[18]

LaTeX Warning: Marginpar on page 19 moved.


LaTeX Font Warning: Font shape `TU/lmtt/bx/it' in size <10> not available
(Font)              Font shape `TU/lmtt/b/sl' tried instead on input line 794.

Requested font "[lmmonolt10-boldoblique]:" at 10.0pt
 -> /Users/AIN8/Library/TinyTeX/texmf-dist/fonts/opentype/public/lm/lmmonolt10-boldoblique.otf
File: CausalInference_files/figure-latex/unnamed-chunk-5-1.pdf Graphic file (type pdf)
<use CausalInference_files/figure-latex/unnamed-chunk-5-1.pdf>

Overfull \hbox (12.01027pt too wide) in paragraph at lines 812--813
[][]  
 []


Class tufte-handout Warning: Proper spacing of small-caps letters has not been set up.
This message occurred on input line 814.

[19]

LaTeX Warning: Marginpar on page 20 moved.


Class tufte-handout Warning: Proper spacing of small-caps letters has not been set up.
This message occurred on input line 837.

[20]
File: ../figures/bounds.png Graphic file (type bmp)
<../figures/bounds.png>

Class tufte-handout Warning: Proper spacing of small-caps letters has not been set up.
This message occurred on input line 853.

[21]

Class tufte-handout Warning: Proper spacing of small-caps letters has not been set up.
This message occurred on input line 853.

[22]
No file CausalInference.bbl.
(./CausalInference.aux)
Package rerunfilecheck Info: File `CausalInference.out' has not changed.
(rerunfilecheck)             Checksum: DEE34728D82E2BBA4F259685E1F24B3A;638.
 ) 
Here is how much of TeX's memory you used:
 30556 strings out of 478256
 647163 string characters out of 5855373
 1020116 words of memory out of 5000000
 50461 multiletter control sequences out of 15000+600000
 410608 words of font info for 101 fonts, out of 8000000 for 9000
 14 hyphenation exceptions out of 8191
 108i,14n,112p,1520b,587s stack positions out of 5000i,500n,10000p,200000b,80000s

Output written on CausalInference.pdf (22 pages).
